[2024-11-04T14:39:11.401+0000] {local_task_job_runner.py:123} INFO - ::group::Pre task execution logs
[2024-11-04T14:39:11.430+0000] {taskinstance.py:2612} INFO - Dependencies all met for dep_context=non-requeueable deps ti=<TaskInstance: yandex_task_dag.data_loading manual__2024-11-04T14:33:41.246660+00:00 [queued]>
[2024-11-04T14:39:11.444+0000] {taskinstance.py:2612} INFO - Dependencies all met for dep_context=requeueable deps ti=<TaskInstance: yandex_task_dag.data_loading manual__2024-11-04T14:33:41.246660+00:00 [queued]>
[2024-11-04T14:39:11.445+0000] {taskinstance.py:2865} INFO - Starting attempt 3 of 3
[2024-11-04T14:39:11.466+0000] {taskinstance.py:2888} INFO - Executing <Task(PostgresOperator): data_loading> on 2024-11-04 14:33:41.246660+00:00
[2024-11-04T14:39:11.479+0000] {warnings.py:112} WARNING - /home/***/.local/lib/python3.12/site-packages/***/task/task_runner/standard_task_runner.py:70: DeprecationWarning: This process (pid=1659) is multi-threaded, use of fork() may lead to deadlocks in the child.
  pid = os.fork()

[2024-11-04T14:39:11.482+0000] {standard_task_runner.py:72} INFO - Started process 1661 to run task
[2024-11-04T14:39:11.484+0000] {standard_task_runner.py:104} INFO - Running: ['***', 'tasks', 'run', 'yandex_task_dag', 'data_loading', 'manual__2024-11-04T14:33:41.246660+00:00', '--job-id', '34', '--raw', '--subdir', 'DAGS_FOLDER/dag.py', '--cfg-path', '/tmp/tmpiiao92lz']
[2024-11-04T14:39:11.487+0000] {standard_task_runner.py:105} INFO - Job 34: Subtask data_loading
[2024-11-04T14:39:11.561+0000] {task_command.py:467} INFO - Running <TaskInstance: yandex_task_dag.data_loading manual__2024-11-04T14:33:41.246660+00:00 [running]> on host 94d9180b5540
[2024-11-04T14:39:11.735+0000] {taskinstance.py:3131} INFO - Exporting env vars: AIRFLOW_CTX_DAG_OWNER='***' AIRFLOW_CTX_DAG_ID='yandex_task_dag' AIRFLOW_CTX_TASK_ID='data_loading' AIRFLOW_CTX_EXECUTION_DATE='2024-11-04T14:33:41.246660+00:00' AIRFLOW_CTX_TRY_NUMBER='3' AIRFLOW_CTX_DAG_RUN_ID='manual__2024-11-04T14:33:41.246660+00:00'
[2024-11-04T14:39:11.739+0000] {logging_mixin.py:190} INFO - Task instance is in running state
[2024-11-04T14:39:11.740+0000] {logging_mixin.py:190} INFO -  Previous state of the Task instance: queued
[2024-11-04T14:39:11.741+0000] {logging_mixin.py:190} INFO - Current task name:data_loading state:running start_date:2024-11-04 14:39:11.431080+00:00
[2024-11-04T14:39:11.743+0000] {logging_mixin.py:190} INFO - Dag name:yandex_task_dag and current dag run status:running
[2024-11-04T14:39:11.744+0000] {taskinstance.py:731} INFO - ::endgroup::
[2024-11-04T14:39:11.745+0000] {sql.py:266} INFO - Executing: COPY transactions FROM '/mnt/data_to_load/transactions.csv' DELIMITER ',' CSV HEADER;

COPY users FROM '/mnt/data_to_load/users.csv' DELIMITER ',' CSV HEADER;

COPY webinar FROM '/mnt/data_to_load/webinar.csv' DELIMITER ',' CSV HEADER;
[2024-11-04T14:39:11.764+0000] {base.py:84} INFO - Retrieving connection 'postgres'
[2024-11-04T14:39:11.785+0000] {base.py:84} INFO - Retrieving connection 'postgres'
[2024-11-04T14:39:11.808+0000] {sql.py:509} INFO - Running statement: COPY transactions FROM '/mnt/data_to_load/transactions.csv' DELIMITER ',' CSV HEADER;

COPY users FROM '/mnt/data_to_load/users.csv' DELIMITER ',' CSV HEADER;

COPY webinar FROM '/mnt/data_to_load/webinar.csv' DELIMITER ',' CSV HEADER;, parameters: None
[2024-11-04T14:39:11.832+0000] {sql.py:518} INFO - Rows affected: 10
[2024-11-04T14:39:11.865+0000] {taskinstance.py:340} INFO - ::group::Post task execution logs
[2024-11-04T14:39:11.867+0000] {taskinstance.py:352} INFO - Marking task as SUCCESS. dag_id=yandex_task_dag, task_id=data_loading, run_id=manual__2024-11-04T14:33:41.246660+00:00, execution_date=20241104T143341, start_date=20241104T143911, end_date=20241104T143911
[2024-11-04T14:39:11.891+0000] {logging_mixin.py:190} INFO - Task instance in success state
[2024-11-04T14:39:11.892+0000] {logging_mixin.py:190} INFO -  Previous state of the Task instance: running
[2024-11-04T14:39:11.893+0000] {logging_mixin.py:190} INFO - Dag name:yandex_task_dag queued_at:2024-11-04 14:39:05.549548+00:00
[2024-11-04T14:39:11.894+0000] {logging_mixin.py:190} INFO - Task hostname:94d9180b5540 operator:PostgresOperator
[2024-11-04T14:39:11.941+0000] {local_task_job_runner.py:266} INFO - Task exited with return code 0
[2024-11-04T14:39:11.965+0000] {warnings.py:112} WARNING - /home/***/.local/lib/python3.12/site-packages/***/models/baseoperator.py:1378: AirflowProviderDeprecationWarning: Call to deprecated class PostgresOperator. (Please use `***.providers.common.sql.operators.sql.SQLExecuteQueryOperator`.Also, you can provide `hook_params={'schema': <database>}`.)
  result = cls.__new__(cls)

[2024-11-04T14:39:12.008+0000] {taskinstance.py:3900} INFO - 1 downstream tasks scheduled from follow-on schedule check
[2024-11-04T14:39:12.011+0000] {local_task_job_runner.py:245} INFO - ::endgroup::
