[2024-11-04T16:23:10.841+0000] {local_task_job_runner.py:123} INFO - ::group::Pre task execution logs
[2024-11-04T16:23:10.861+0000] {taskinstance.py:2612} INFO - Dependencies all met for dep_context=non-requeueable deps ti=<TaskInstance: yandex_task_dag.sending_to_clickhouse manual__2024-11-04T16:20:37.059441+00:00 [queued]>
[2024-11-04T16:23:10.876+0000] {taskinstance.py:2612} INFO - Dependencies all met for dep_context=requeueable deps ti=<TaskInstance: yandex_task_dag.sending_to_clickhouse manual__2024-11-04T16:20:37.059441+00:00 [queued]>
[2024-11-04T16:23:10.877+0000] {taskinstance.py:2865} INFO - Starting attempt 3 of 3
[2024-11-04T16:23:10.894+0000] {taskinstance.py:2888} INFO - Executing <Task(PythonOperator): sending_to_clickhouse> on 2024-11-04 16:20:37.059441+00:00
[2024-11-04T16:23:10.904+0000] {warnings.py:112} WARNING - /home/***/.local/lib/python3.12/site-packages/***/task/task_runner/standard_task_runner.py:70: DeprecationWarning: This process (pid=363) is multi-threaded, use of fork() may lead to deadlocks in the child.
  pid = os.fork()

[2024-11-04T16:23:10.907+0000] {standard_task_runner.py:72} INFO - Started process 365 to run task
[2024-11-04T16:23:10.907+0000] {standard_task_runner.py:104} INFO - Running: ['***', 'tasks', 'run', 'yandex_task_dag', 'sending_to_clickhouse', 'manual__2024-11-04T16:20:37.059441+00:00', '--job-id', '44', '--raw', '--subdir', 'DAGS_FOLDER/dag.py', '--cfg-path', '/tmp/tmp0pu1spar']
[2024-11-04T16:23:10.909+0000] {standard_task_runner.py:105} INFO - Job 44: Subtask sending_to_clickhouse
[2024-11-04T16:23:10.963+0000] {task_command.py:467} INFO - Running <TaskInstance: yandex_task_dag.sending_to_clickhouse manual__2024-11-04T16:20:37.059441+00:00 [running]> on host d759fd8a501c
[2024-11-04T16:23:11.173+0000] {taskinstance.py:3131} INFO - Exporting env vars: AIRFLOW_CTX_DAG_OWNER='***' AIRFLOW_CTX_DAG_ID='yandex_task_dag' AIRFLOW_CTX_TASK_ID='sending_to_clickhouse' AIRFLOW_CTX_EXECUTION_DATE='2024-11-04T16:20:37.059441+00:00' AIRFLOW_CTX_TRY_NUMBER='3' AIRFLOW_CTX_DAG_RUN_ID='manual__2024-11-04T16:20:37.059441+00:00'
[2024-11-04T16:23:11.176+0000] {logging_mixin.py:190} INFO - Task instance is in running state
[2024-11-04T16:23:11.177+0000] {logging_mixin.py:190} INFO -  Previous state of the Task instance: queued
[2024-11-04T16:23:11.178+0000] {logging_mixin.py:190} INFO - Current task name:sending_to_clickhouse state:running start_date:2024-11-04 16:23:10.862027+00:00
[2024-11-04T16:23:11.178+0000] {logging_mixin.py:190} INFO - Dag name:yandex_task_dag and current dag run status:running
[2024-11-04T16:23:11.179+0000] {taskinstance.py:731} INFO - ::endgroup::
[2024-11-04T16:23:11.213+0000] {dag.py:15} INFO - SUCCESSFULLY connected to clickhouse
[2024-11-04T16:23:11.214+0000] {python.py:240} INFO - Done. Returned value was: None
[2024-11-04T16:23:11.237+0000] {taskinstance.py:340} INFO - ::group::Post task execution logs
[2024-11-04T16:23:11.238+0000] {taskinstance.py:352} INFO - Marking task as SUCCESS. dag_id=yandex_task_dag, task_id=sending_to_clickhouse, run_id=manual__2024-11-04T16:20:37.059441+00:00, execution_date=20241104T162037, start_date=20241104T162310, end_date=20241104T162311
[2024-11-04T16:23:11.255+0000] {logging_mixin.py:190} INFO - Task instance in success state
[2024-11-04T16:23:11.256+0000] {logging_mixin.py:190} INFO -  Previous state of the Task instance: running
[2024-11-04T16:23:11.258+0000] {logging_mixin.py:190} INFO - Dag name:yandex_task_dag queued_at:2024-11-04 16:23:07.922570+00:00
[2024-11-04T16:23:11.259+0000] {logging_mixin.py:190} INFO - Task hostname:d759fd8a501c operator:PythonOperator
[2024-11-04T16:23:11.286+0000] {local_task_job_runner.py:266} INFO - Task exited with return code 0
[2024-11-04T16:23:11.313+0000] {taskinstance.py:3900} INFO - 0 downstream tasks scheduled from follow-on schedule check
[2024-11-04T16:23:11.315+0000] {local_task_job_runner.py:245} INFO - ::endgroup::
