[2024-11-03T18:24:42.888+0000] {processor.py:186} INFO - Started process (PID=657) to work on /opt/airflow/dags/dag.py
[2024-11-03T18:24:42.889+0000] {processor.py:914} INFO - Processing file /opt/airflow/dags/dag.py for tasks to queue
[2024-11-03T18:24:42.891+0000] {logging_mixin.py:190} INFO - [2024-11-03T18:24:42.891+0000] {dagbag.py:588} INFO - Filling up the DagBag from /opt/airflow/dags/dag.py
[2024-11-03T18:24:42.917+0000] {processor.py:925} INFO - DAG(s) 'yandex_task_dag' retrieved from /opt/airflow/dags/dag.py
[2024-11-03T18:24:43.025+0000] {logging_mixin.py:190} INFO - [2024-11-03T18:24:43.024+0000] {override.py:1900} INFO - Created Permission View: can delete on DAG:yandex_task_dag
[2024-11-03T18:24:43.035+0000] {logging_mixin.py:190} INFO - [2024-11-03T18:24:43.035+0000] {override.py:1900} INFO - Created Permission View: can read on DAG:yandex_task_dag
[2024-11-03T18:24:43.043+0000] {logging_mixin.py:190} INFO - [2024-11-03T18:24:43.042+0000] {override.py:1900} INFO - Created Permission View: can edit on DAG:yandex_task_dag
[2024-11-03T18:24:43.051+0000] {logging_mixin.py:190} INFO - [2024-11-03T18:24:43.051+0000] {override.py:1900} INFO - Created Permission View: can read on DAG Run:yandex_task_dag
[2024-11-03T18:24:43.057+0000] {logging_mixin.py:190} INFO - [2024-11-03T18:24:43.057+0000] {override.py:1900} INFO - Created Permission View: menu access on DAG Run:yandex_task_dag
[2024-11-03T18:24:43.063+0000] {logging_mixin.py:190} INFO - [2024-11-03T18:24:43.063+0000] {override.py:1900} INFO - Created Permission View: can delete on DAG Run:yandex_task_dag
[2024-11-03T18:24:43.070+0000] {logging_mixin.py:190} INFO - [2024-11-03T18:24:43.070+0000] {override.py:1900} INFO - Created Permission View: can create on DAG Run:yandex_task_dag
[2024-11-03T18:24:43.071+0000] {logging_mixin.py:190} INFO - [2024-11-03T18:24:43.071+0000] {dag.py:3239} INFO - Sync 1 DAGs
[2024-11-03T18:24:43.084+0000] {logging_mixin.py:190} INFO - [2024-11-03T18:24:43.083+0000] {dag.py:3262} INFO - Creating ORM DAG for yandex_task_dag
[2024-11-03T18:24:43.085+0000] {logging_mixin.py:190} INFO - [2024-11-03T18:24:43.084+0000] {dag.py:4180} INFO - Setting next_dagrun for yandex_task_dag to None, run_after=None
[2024-11-03T18:24:43.102+0000] {processor.py:208} INFO - Processing /opt/airflow/dags/dag.py took 0.220 seconds
[2024-11-03T18:24:45.179+0000] {processor.py:186} INFO - Started process (PID=664) to work on /opt/airflow/dags/dag.py
[2024-11-03T18:24:45.181+0000] {processor.py:914} INFO - Processing file /opt/airflow/dags/dag.py for tasks to queue
[2024-11-03T18:24:45.183+0000] {logging_mixin.py:190} INFO - [2024-11-03T18:24:45.183+0000] {dagbag.py:588} INFO - Filling up the DagBag from /opt/airflow/dags/dag.py
[2024-11-03T18:24:45.213+0000] {processor.py:925} INFO - DAG(s) 'yandex_task_dag' retrieved from /opt/airflow/dags/dag.py
[2024-11-03T18:24:45.225+0000] {logging_mixin.py:190} INFO - [2024-11-03T18:24:45.225+0000] {dag.py:3239} INFO - Sync 1 DAGs
[2024-11-03T18:24:45.244+0000] {logging_mixin.py:190} INFO - [2024-11-03T18:24:45.244+0000] {dag.py:4180} INFO - Setting next_dagrun for yandex_task_dag to None, run_after=None
[2024-11-03T18:24:45.268+0000] {processor.py:208} INFO - Processing /opt/airflow/dags/dag.py took 0.095 seconds
[2024-11-03T18:24:52.881+0000] {processor.py:186} INFO - Started process (PID=670) to work on /opt/airflow/dags/dag.py
[2024-11-03T18:24:52.882+0000] {processor.py:914} INFO - Processing file /opt/airflow/dags/dag.py for tasks to queue
[2024-11-03T18:24:52.885+0000] {logging_mixin.py:190} INFO - [2024-11-03T18:24:52.885+0000] {dagbag.py:588} INFO - Filling up the DagBag from /opt/airflow/dags/dag.py
[2024-11-03T18:24:52.916+0000] {processor.py:925} INFO - DAG(s) 'yandex_task_dag' retrieved from /opt/airflow/dags/dag.py
[2024-11-03T18:24:52.932+0000] {logging_mixin.py:190} INFO - [2024-11-03T18:24:52.931+0000] {dag.py:3239} INFO - Sync 1 DAGs
[2024-11-03T18:24:52.954+0000] {logging_mixin.py:190} INFO - [2024-11-03T18:24:52.953+0000] {dag.py:4180} INFO - Setting next_dagrun for yandex_task_dag to None, run_after=None
[2024-11-03T18:24:52.982+0000] {processor.py:208} INFO - Processing /opt/airflow/dags/dag.py took 0.109 seconds
[2024-11-03T18:24:56.319+0000] {processor.py:186} INFO - Started process (PID=683) to work on /opt/airflow/dags/dag.py
[2024-11-03T18:24:56.321+0000] {processor.py:914} INFO - Processing file /opt/airflow/dags/dag.py for tasks to queue
[2024-11-03T18:24:56.326+0000] {logging_mixin.py:190} INFO - [2024-11-03T18:24:56.326+0000] {dagbag.py:588} INFO - Filling up the DagBag from /opt/airflow/dags/dag.py
[2024-11-03T18:24:56.358+0000] {processor.py:925} INFO - DAG(s) 'yandex_task_dag' retrieved from /opt/airflow/dags/dag.py
[2024-11-03T18:24:56.373+0000] {logging_mixin.py:190} INFO - [2024-11-03T18:24:56.373+0000] {dag.py:3239} INFO - Sync 1 DAGs
[2024-11-03T18:24:56.393+0000] {logging_mixin.py:190} INFO - [2024-11-03T18:24:56.392+0000] {dag.py:4180} INFO - Setting next_dagrun for yandex_task_dag to None, run_after=None
[2024-11-03T18:24:56.420+0000] {processor.py:208} INFO - Processing /opt/airflow/dags/dag.py took 0.107 seconds
[2024-11-03T18:25:26.857+0000] {processor.py:186} INFO - Started process (PID=746) to work on /opt/airflow/dags/dag.py
[2024-11-03T18:25:26.859+0000] {processor.py:914} INFO - Processing file /opt/airflow/dags/dag.py for tasks to queue
[2024-11-03T18:25:26.862+0000] {logging_mixin.py:190} INFO - [2024-11-03T18:25:26.861+0000] {dagbag.py:588} INFO - Filling up the DagBag from /opt/airflow/dags/dag.py
[2024-11-03T18:25:26.882+0000] {processor.py:925} INFO - DAG(s) 'yandex_task_dag' retrieved from /opt/airflow/dags/dag.py
[2024-11-03T18:25:27.010+0000] {logging_mixin.py:190} INFO - [2024-11-03T18:25:27.010+0000] {dag.py:3239} INFO - Sync 1 DAGs
[2024-11-03T18:25:27.027+0000] {logging_mixin.py:190} INFO - [2024-11-03T18:25:27.027+0000] {dag.py:4180} INFO - Setting next_dagrun for yandex_task_dag to None, run_after=None
[2024-11-03T18:25:27.050+0000] {processor.py:208} INFO - Processing /opt/airflow/dags/dag.py took 0.199 seconds
[2024-11-03T18:25:57.974+0000] {processor.py:186} INFO - Started process (PID=809) to work on /opt/airflow/dags/dag.py
[2024-11-03T18:25:57.975+0000] {processor.py:914} INFO - Processing file /opt/airflow/dags/dag.py for tasks to queue
[2024-11-03T18:25:57.978+0000] {logging_mixin.py:190} INFO - [2024-11-03T18:25:57.978+0000] {dagbag.py:588} INFO - Filling up the DagBag from /opt/airflow/dags/dag.py
[2024-11-03T18:25:57.999+0000] {processor.py:925} INFO - DAG(s) 'yandex_task_dag' retrieved from /opt/airflow/dags/dag.py
[2024-11-03T18:25:58.024+0000] {logging_mixin.py:190} INFO - [2024-11-03T18:25:58.024+0000] {dag.py:3239} INFO - Sync 1 DAGs
[2024-11-03T18:25:58.044+0000] {logging_mixin.py:190} INFO - [2024-11-03T18:25:58.044+0000] {dag.py:4180} INFO - Setting next_dagrun for yandex_task_dag to None, run_after=None
[2024-11-03T18:25:58.070+0000] {processor.py:208} INFO - Processing /opt/airflow/dags/dag.py took 0.105 seconds
[2024-11-03T18:26:08.702+0000] {processor.py:186} INFO - Started process (PID=849) to work on /opt/airflow/dags/dag.py
[2024-11-03T18:26:08.704+0000] {processor.py:914} INFO - Processing file /opt/airflow/dags/dag.py for tasks to queue
[2024-11-03T18:26:08.711+0000] {logging_mixin.py:190} INFO - [2024-11-03T18:26:08.710+0000] {dagbag.py:588} INFO - Filling up the DagBag from /opt/airflow/dags/dag.py
[2024-11-03T18:26:08.764+0000] {processor.py:925} INFO - DAG(s) 'yandex_task_dag' retrieved from /opt/airflow/dags/dag.py
[2024-11-03T18:26:08.783+0000] {logging_mixin.py:190} INFO - [2024-11-03T18:26:08.783+0000] {dag.py:3239} INFO - Sync 1 DAGs
[2024-11-03T18:26:08.807+0000] {logging_mixin.py:190} INFO - [2024-11-03T18:26:08.807+0000] {dag.py:4180} INFO - Setting next_dagrun for yandex_task_dag to None, run_after=None
[2024-11-03T18:26:08.849+0000] {processor.py:208} INFO - Processing /opt/airflow/dags/dag.py took 0.160 seconds
[2024-11-03T18:26:39.800+0000] {processor.py:186} INFO - Started process (PID=913) to work on /opt/airflow/dags/dag.py
[2024-11-03T18:26:39.801+0000] {processor.py:914} INFO - Processing file /opt/airflow/dags/dag.py for tasks to queue
[2024-11-03T18:26:39.804+0000] {logging_mixin.py:190} INFO - [2024-11-03T18:26:39.804+0000] {dagbag.py:588} INFO - Filling up the DagBag from /opt/airflow/dags/dag.py
[2024-11-03T18:26:39.820+0000] {processor.py:925} INFO - DAG(s) 'yandex_task_dag' retrieved from /opt/airflow/dags/dag.py
[2024-11-03T18:26:39.839+0000] {logging_mixin.py:190} INFO - [2024-11-03T18:26:39.839+0000] {dag.py:3239} INFO - Sync 1 DAGs
[2024-11-03T18:26:39.873+0000] {logging_mixin.py:190} INFO - [2024-11-03T18:26:39.873+0000] {dag.py:4180} INFO - Setting next_dagrun for yandex_task_dag to None, run_after=None
[2024-11-03T18:26:39.894+0000] {processor.py:208} INFO - Processing /opt/airflow/dags/dag.py took 0.101 seconds
[2024-11-03T18:27:10.601+0000] {processor.py:186} INFO - Started process (PID=976) to work on /opt/airflow/dags/dag.py
[2024-11-03T18:27:10.604+0000] {processor.py:914} INFO - Processing file /opt/airflow/dags/dag.py for tasks to queue
[2024-11-03T18:27:10.609+0000] {logging_mixin.py:190} INFO - [2024-11-03T18:27:10.608+0000] {dagbag.py:588} INFO - Filling up the DagBag from /opt/airflow/dags/dag.py
[2024-11-03T18:27:10.634+0000] {processor.py:925} INFO - DAG(s) 'yandex_task_dag' retrieved from /opt/airflow/dags/dag.py
[2024-11-03T18:27:10.661+0000] {logging_mixin.py:190} INFO - [2024-11-03T18:27:10.661+0000] {dag.py:3239} INFO - Sync 1 DAGs
[2024-11-03T18:27:10.680+0000] {logging_mixin.py:190} INFO - [2024-11-03T18:27:10.679+0000] {dag.py:4180} INFO - Setting next_dagrun for yandex_task_dag to None, run_after=None
[2024-11-03T18:27:10.701+0000] {processor.py:208} INFO - Processing /opt/airflow/dags/dag.py took 0.121 seconds
[2024-11-03T18:27:40.981+0000] {processor.py:186} INFO - Started process (PID=1039) to work on /opt/airflow/dags/dag.py
[2024-11-03T18:27:40.982+0000] {processor.py:914} INFO - Processing file /opt/airflow/dags/dag.py for tasks to queue
[2024-11-03T18:27:40.986+0000] {logging_mixin.py:190} INFO - [2024-11-03T18:27:40.986+0000] {dagbag.py:588} INFO - Filling up the DagBag from /opt/airflow/dags/dag.py
[2024-11-03T18:27:41.011+0000] {processor.py:925} INFO - DAG(s) 'yandex_task_dag' retrieved from /opt/airflow/dags/dag.py
[2024-11-03T18:27:41.036+0000] {logging_mixin.py:190} INFO - [2024-11-03T18:27:41.035+0000] {dag.py:3239} INFO - Sync 1 DAGs
[2024-11-03T18:27:41.096+0000] {logging_mixin.py:190} INFO - [2024-11-03T18:27:41.095+0000] {dag.py:4180} INFO - Setting next_dagrun for yandex_task_dag to None, run_after=None
[2024-11-03T18:27:41.237+0000] {processor.py:208} INFO - Processing /opt/airflow/dags/dag.py took 0.269 seconds
[2024-11-03T18:28:09.073+0000] {processor.py:186} INFO - Started process (PID=1102) to work on /opt/airflow/dags/dag.py
[2024-11-03T18:28:09.074+0000] {processor.py:914} INFO - Processing file /opt/airflow/dags/dag.py for tasks to queue
[2024-11-03T18:28:09.077+0000] {logging_mixin.py:190} INFO - [2024-11-03T18:28:09.077+0000] {dagbag.py:588} INFO - Filling up the DagBag from /opt/airflow/dags/dag.py
[2024-11-03T18:28:09.112+0000] {logging_mixin.py:190} INFO - [2024-11-03T18:28:09.104+0000] {dagbag.py:387} ERROR - Failed to import: /opt/airflow/dags/dag.py
Traceback (most recent call last):
  File "/home/airflow/.local/lib/python3.12/site-packages/airflow/models/dagbag.py", line 383, in parse
    loader.exec_module(new_module)
  File "<frozen importlib._bootstrap_external>", line 995, in exec_module
  File "<frozen importlib._bootstrap>", line 488, in _call_with_frames_removed
  File "/opt/airflow/dags/dag.py", line 28, in <module>
    func_call_op = PythonOperator()
                   ^^^^^^^^^^^^^^^^
  File "/home/airflow/.local/lib/python3.12/site-packages/airflow/models/baseoperator.py", line 473, in apply_defaults
    raise AirflowException(f"missing keyword argument {missing_args.pop()!r}")
airflow.exceptions.AirflowException: missing keyword argument 'python_callable'
[2024-11-03T18:28:09.113+0000] {processor.py:927} WARNING - No viable dags retrieved from /opt/airflow/dags/dag.py
[2024-11-03T18:28:09.133+0000] {processor.py:208} INFO - Processing /opt/airflow/dags/dag.py took 0.067 seconds
[2024-11-03T18:28:39.205+0000] {processor.py:186} INFO - Started process (PID=1165) to work on /opt/airflow/dags/dag.py
[2024-11-03T18:28:39.206+0000] {processor.py:914} INFO - Processing file /opt/airflow/dags/dag.py for tasks to queue
[2024-11-03T18:28:39.209+0000] {logging_mixin.py:190} INFO - [2024-11-03T18:28:39.209+0000] {dagbag.py:588} INFO - Filling up the DagBag from /opt/airflow/dags/dag.py
[2024-11-03T18:28:39.227+0000] {logging_mixin.py:190} INFO - [2024-11-03T18:28:39.222+0000] {dagbag.py:387} ERROR - Failed to import: /opt/airflow/dags/dag.py
Traceback (most recent call last):
  File "/home/airflow/.local/lib/python3.12/site-packages/airflow/models/dagbag.py", line 383, in parse
    loader.exec_module(new_module)
  File "<frozen importlib._bootstrap_external>", line 995, in exec_module
  File "<frozen importlib._bootstrap>", line 488, in _call_with_frames_removed
  File "/opt/airflow/dags/dag.py", line 28, in <module>
    func_call_op = PythonOperator()
                   ^^^^^^^^^^^^^^^^
  File "/home/airflow/.local/lib/python3.12/site-packages/airflow/models/baseoperator.py", line 473, in apply_defaults
    raise AirflowException(f"missing keyword argument {missing_args.pop()!r}")
airflow.exceptions.AirflowException: missing keyword argument 'python_callable'
[2024-11-03T18:28:39.229+0000] {processor.py:927} WARNING - No viable dags retrieved from /opt/airflow/dags/dag.py
[2024-11-03T18:28:39.248+0000] {processor.py:208} INFO - Processing /opt/airflow/dags/dag.py took 0.050 seconds
[2024-11-03T18:29:09.665+0000] {processor.py:186} INFO - Started process (PID=1228) to work on /opt/airflow/dags/dag.py
[2024-11-03T18:29:09.667+0000] {processor.py:914} INFO - Processing file /opt/airflow/dags/dag.py for tasks to queue
[2024-11-03T18:29:09.670+0000] {logging_mixin.py:190} INFO - [2024-11-03T18:29:09.670+0000] {dagbag.py:588} INFO - Filling up the DagBag from /opt/airflow/dags/dag.py
[2024-11-03T18:29:09.698+0000] {logging_mixin.py:190} INFO - [2024-11-03T18:29:09.693+0000] {dagbag.py:387} ERROR - Failed to import: /opt/airflow/dags/dag.py
Traceback (most recent call last):
  File "/home/airflow/.local/lib/python3.12/site-packages/airflow/models/dagbag.py", line 383, in parse
    loader.exec_module(new_module)
  File "<frozen importlib._bootstrap_external>", line 995, in exec_module
  File "<frozen importlib._bootstrap>", line 488, in _call_with_frames_removed
  File "/opt/airflow/dags/dag.py", line 28, in <module>
    func_call_op = PythonOperator()
                   ^^^^^^^^^^^^^^^^
  File "/home/airflow/.local/lib/python3.12/site-packages/airflow/models/baseoperator.py", line 473, in apply_defaults
    raise AirflowException(f"missing keyword argument {missing_args.pop()!r}")
airflow.exceptions.AirflowException: missing keyword argument 'python_callable'
[2024-11-03T18:29:09.699+0000] {processor.py:927} WARNING - No viable dags retrieved from /opt/airflow/dags/dag.py
[2024-11-03T18:29:09.717+0000] {processor.py:208} INFO - Processing /opt/airflow/dags/dag.py took 0.069 seconds
[2024-11-03T18:29:40.690+0000] {processor.py:186} INFO - Started process (PID=1291) to work on /opt/airflow/dags/dag.py
[2024-11-03T18:29:40.692+0000] {processor.py:914} INFO - Processing file /opt/airflow/dags/dag.py for tasks to queue
[2024-11-03T18:29:40.694+0000] {logging_mixin.py:190} INFO - [2024-11-03T18:29:40.694+0000] {dagbag.py:588} INFO - Filling up the DagBag from /opt/airflow/dags/dag.py
[2024-11-03T18:29:40.717+0000] {logging_mixin.py:190} INFO - [2024-11-03T18:29:40.713+0000] {dagbag.py:387} ERROR - Failed to import: /opt/airflow/dags/dag.py
Traceback (most recent call last):
  File "/home/airflow/.local/lib/python3.12/site-packages/airflow/models/dagbag.py", line 383, in parse
    loader.exec_module(new_module)
  File "<frozen importlib._bootstrap_external>", line 995, in exec_module
  File "<frozen importlib._bootstrap>", line 488, in _call_with_frames_removed
  File "/opt/airflow/dags/dag.py", line 28, in <module>
    func_call_op = PythonOperator()
                   ^^^^^^^^^^^^^^^^
  File "/home/airflow/.local/lib/python3.12/site-packages/airflow/models/baseoperator.py", line 473, in apply_defaults
    raise AirflowException(f"missing keyword argument {missing_args.pop()!r}")
airflow.exceptions.AirflowException: missing keyword argument 'python_callable'
[2024-11-03T18:29:40.719+0000] {processor.py:927} WARNING - No viable dags retrieved from /opt/airflow/dags/dag.py
[2024-11-03T18:29:40.737+0000] {processor.py:208} INFO - Processing /opt/airflow/dags/dag.py took 0.055 seconds
[2024-11-03T18:30:11.561+0000] {processor.py:186} INFO - Started process (PID=1354) to work on /opt/airflow/dags/dag.py
[2024-11-03T18:30:11.563+0000] {processor.py:914} INFO - Processing file /opt/airflow/dags/dag.py for tasks to queue
[2024-11-03T18:30:11.565+0000] {logging_mixin.py:190} INFO - [2024-11-03T18:30:11.564+0000] {dagbag.py:588} INFO - Filling up the DagBag from /opt/airflow/dags/dag.py
[2024-11-03T18:30:11.590+0000] {logging_mixin.py:190} INFO - [2024-11-03T18:30:11.583+0000] {dagbag.py:387} ERROR - Failed to import: /opt/airflow/dags/dag.py
Traceback (most recent call last):
  File "/home/airflow/.local/lib/python3.12/site-packages/airflow/models/dagbag.py", line 383, in parse
    loader.exec_module(new_module)
  File "<frozen importlib._bootstrap_external>", line 995, in exec_module
  File "<frozen importlib._bootstrap>", line 488, in _call_with_frames_removed
  File "/opt/airflow/dags/dag.py", line 28, in <module>
    func_call_op = PythonOperator()
                   ^^^^^^^^^^^^^^^^
  File "/home/airflow/.local/lib/python3.12/site-packages/airflow/models/baseoperator.py", line 473, in apply_defaults
    raise AirflowException(f"missing keyword argument {missing_args.pop()!r}")
airflow.exceptions.AirflowException: missing keyword argument 'python_callable'
[2024-11-03T18:30:11.592+0000] {processor.py:927} WARNING - No viable dags retrieved from /opt/airflow/dags/dag.py
[2024-11-03T18:30:11.621+0000] {processor.py:208} INFO - Processing /opt/airflow/dags/dag.py took 0.070 seconds
[2024-11-03T18:30:41.886+0000] {processor.py:186} INFO - Started process (PID=1417) to work on /opt/airflow/dags/dag.py
[2024-11-03T18:30:41.887+0000] {processor.py:914} INFO - Processing file /opt/airflow/dags/dag.py for tasks to queue
[2024-11-03T18:30:41.890+0000] {logging_mixin.py:190} INFO - [2024-11-03T18:30:41.889+0000] {dagbag.py:588} INFO - Filling up the DagBag from /opt/airflow/dags/dag.py
[2024-11-03T18:30:41.912+0000] {logging_mixin.py:190} INFO - [2024-11-03T18:30:41.907+0000] {dagbag.py:387} ERROR - Failed to import: /opt/airflow/dags/dag.py
Traceback (most recent call last):
  File "/home/airflow/.local/lib/python3.12/site-packages/airflow/models/dagbag.py", line 383, in parse
    loader.exec_module(new_module)
  File "<frozen importlib._bootstrap_external>", line 995, in exec_module
  File "<frozen importlib._bootstrap>", line 488, in _call_with_frames_removed
  File "/opt/airflow/dags/dag.py", line 28, in <module>
    func_call_op = PythonOperator()
                   ^^^^^^^^^^^^^^^^
  File "/home/airflow/.local/lib/python3.12/site-packages/airflow/models/baseoperator.py", line 473, in apply_defaults
    raise AirflowException(f"missing keyword argument {missing_args.pop()!r}")
airflow.exceptions.AirflowException: missing keyword argument 'python_callable'
[2024-11-03T18:30:41.914+0000] {processor.py:927} WARNING - No viable dags retrieved from /opt/airflow/dags/dag.py
[2024-11-03T18:30:41.937+0000] {processor.py:208} INFO - Processing /opt/airflow/dags/dag.py took 0.065 seconds
[2024-11-03T18:31:12.094+0000] {processor.py:186} INFO - Started process (PID=1480) to work on /opt/airflow/dags/dag.py
[2024-11-03T18:31:12.100+0000] {processor.py:914} INFO - Processing file /opt/airflow/dags/dag.py for tasks to queue
[2024-11-03T18:31:12.103+0000] {logging_mixin.py:190} INFO - [2024-11-03T18:31:12.102+0000] {dagbag.py:588} INFO - Filling up the DagBag from /opt/airflow/dags/dag.py
[2024-11-03T18:31:12.213+0000] {logging_mixin.py:190} INFO - [2024-11-03T18:31:12.184+0000] {dagbag.py:387} ERROR - Failed to import: /opt/airflow/dags/dag.py
Traceback (most recent call last):
  File "/home/airflow/.local/lib/python3.12/site-packages/airflow/models/dagbag.py", line 383, in parse
    loader.exec_module(new_module)
  File "<frozen importlib._bootstrap_external>", line 995, in exec_module
  File "<frozen importlib._bootstrap>", line 488, in _call_with_frames_removed
  File "/opt/airflow/dags/dag.py", line 28, in <module>
    func_call_op = PythonOperator()
                   ^^^^^^^^^^^^^^^^
  File "/home/airflow/.local/lib/python3.12/site-packages/airflow/models/baseoperator.py", line 473, in apply_defaults
    raise AirflowException(f"missing keyword argument {missing_args.pop()!r}")
airflow.exceptions.AirflowException: missing keyword argument 'python_callable'
[2024-11-03T18:31:12.221+0000] {processor.py:927} WARNING - No viable dags retrieved from /opt/airflow/dags/dag.py
[2024-11-03T18:31:12.318+0000] {processor.py:208} INFO - Processing /opt/airflow/dags/dag.py took 0.244 seconds
[2024-11-03T18:31:42.604+0000] {processor.py:186} INFO - Started process (PID=1543) to work on /opt/airflow/dags/dag.py
[2024-11-03T18:31:42.606+0000] {processor.py:914} INFO - Processing file /opt/airflow/dags/dag.py for tasks to queue
[2024-11-03T18:31:42.607+0000] {logging_mixin.py:190} INFO - [2024-11-03T18:31:42.607+0000] {dagbag.py:588} INFO - Filling up the DagBag from /opt/airflow/dags/dag.py
[2024-11-03T18:31:42.628+0000] {logging_mixin.py:190} INFO - [2024-11-03T18:31:42.621+0000] {dagbag.py:387} ERROR - Failed to import: /opt/airflow/dags/dag.py
Traceback (most recent call last):
  File "/home/airflow/.local/lib/python3.12/site-packages/airflow/models/dagbag.py", line 383, in parse
    loader.exec_module(new_module)
  File "<frozen importlib._bootstrap_external>", line 995, in exec_module
  File "<frozen importlib._bootstrap>", line 488, in _call_with_frames_removed
  File "/opt/airflow/dags/dag.py", line 28, in <module>
    func_call_op = PythonOperator()
                   ^^^^^^^^^^^^^^^^
  File "/home/airflow/.local/lib/python3.12/site-packages/airflow/models/baseoperator.py", line 473, in apply_defaults
    raise AirflowException(f"missing keyword argument {missing_args.pop()!r}")
airflow.exceptions.AirflowException: missing keyword argument 'python_callable'
[2024-11-03T18:31:42.630+0000] {processor.py:927} WARNING - No viable dags retrieved from /opt/airflow/dags/dag.py
[2024-11-03T18:31:42.649+0000] {processor.py:208} INFO - Processing /opt/airflow/dags/dag.py took 0.052 seconds
[2024-11-03T18:32:12.993+0000] {processor.py:186} INFO - Started process (PID=1606) to work on /opt/airflow/dags/dag.py
[2024-11-03T18:32:12.995+0000] {processor.py:914} INFO - Processing file /opt/airflow/dags/dag.py for tasks to queue
[2024-11-03T18:32:12.997+0000] {logging_mixin.py:190} INFO - [2024-11-03T18:32:12.997+0000] {dagbag.py:588} INFO - Filling up the DagBag from /opt/airflow/dags/dag.py
[2024-11-03T18:32:13.017+0000] {logging_mixin.py:190} INFO - [2024-11-03T18:32:13.012+0000] {dagbag.py:387} ERROR - Failed to import: /opt/airflow/dags/dag.py
Traceback (most recent call last):
  File "/home/airflow/.local/lib/python3.12/site-packages/airflow/models/dagbag.py", line 383, in parse
    loader.exec_module(new_module)
  File "<frozen importlib._bootstrap_external>", line 995, in exec_module
  File "<frozen importlib._bootstrap>", line 488, in _call_with_frames_removed
  File "/opt/airflow/dags/dag.py", line 28, in <module>
    func_call_op = PythonOperator()
                   ^^^^^^^^^^^^^^^^
  File "/home/airflow/.local/lib/python3.12/site-packages/airflow/models/baseoperator.py", line 473, in apply_defaults
    raise AirflowException(f"missing keyword argument {missing_args.pop()!r}")
airflow.exceptions.AirflowException: missing keyword argument 'python_callable'
[2024-11-03T18:32:13.018+0000] {processor.py:927} WARNING - No viable dags retrieved from /opt/airflow/dags/dag.py
[2024-11-03T18:32:13.038+0000] {processor.py:208} INFO - Processing /opt/airflow/dags/dag.py took 0.058 seconds
[2024-11-03T18:32:31.653+0000] {processor.py:186} INFO - Started process (PID=1618) to work on /opt/airflow/dags/dag.py
[2024-11-03T18:32:31.654+0000] {processor.py:914} INFO - Processing file /opt/airflow/dags/dag.py for tasks to queue
[2024-11-03T18:32:31.655+0000] {logging_mixin.py:190} INFO - [2024-11-03T18:32:31.655+0000] {dagbag.py:588} INFO - Filling up the DagBag from /opt/airflow/dags/dag.py
[2024-11-03T18:32:31.685+0000] {logging_mixin.py:190} INFO - [2024-11-03T18:32:31.678+0000] {dagbag.py:387} ERROR - Failed to import: /opt/airflow/dags/dag.py
Traceback (most recent call last):
  File "/home/airflow/.local/lib/python3.12/site-packages/airflow/models/dagbag.py", line 383, in parse
    loader.exec_module(new_module)
  File "<frozen importlib._bootstrap_external>", line 995, in exec_module
  File "<frozen importlib._bootstrap>", line 488, in _call_with_frames_removed
  File "/opt/airflow/dags/dag.py", line 28, in <module>
    func_call_op = PythonOperator(python_callable=test_func)
                   ^^^^^^^^^^^^^^^^^^^^^^^^^^^^^^^^^^^^^^^^^
  File "/home/airflow/.local/lib/python3.12/site-packages/airflow/models/baseoperator.py", line 490, in apply_defaults
    result = func(self, **kwargs, default_args=default_args)
             ^^^^^^^^^^^^^^^^^^^^^^^^^^^^^^^^^^^^^^^^^^^^^^^
  File "/home/airflow/.local/lib/python3.12/site-packages/airflow/operators/python.py", line 222, in __init__
    super().__init__(**kwargs)
  File "/home/airflow/.local/lib/python3.12/site-packages/airflow/models/baseoperator.py", line 490, in apply_defaults
    result = func(self, **kwargs, default_args=default_args)
             ^^^^^^^^^^^^^^^^^^^^^^^^^^^^^^^^^^^^^^^^^^^^^^^
TypeError: BaseOperator.__init__() missing 1 required positional argument: 'task_id'
[2024-11-03T18:32:31.686+0000] {processor.py:927} WARNING - No viable dags retrieved from /opt/airflow/dags/dag.py
[2024-11-03T18:32:31.706+0000] {processor.py:208} INFO - Processing /opt/airflow/dags/dag.py took 0.059 seconds
[2024-11-03T18:33:02.470+0000] {processor.py:186} INFO - Started process (PID=1681) to work on /opt/airflow/dags/dag.py
[2024-11-03T18:33:02.471+0000] {processor.py:914} INFO - Processing file /opt/airflow/dags/dag.py for tasks to queue
[2024-11-03T18:33:02.473+0000] {logging_mixin.py:190} INFO - [2024-11-03T18:33:02.472+0000] {dagbag.py:588} INFO - Filling up the DagBag from /opt/airflow/dags/dag.py
[2024-11-03T18:33:02.494+0000] {logging_mixin.py:190} INFO - [2024-11-03T18:33:02.489+0000] {dagbag.py:387} ERROR - Failed to import: /opt/airflow/dags/dag.py
Traceback (most recent call last):
  File "/home/airflow/.local/lib/python3.12/site-packages/airflow/models/dagbag.py", line 383, in parse
    loader.exec_module(new_module)
  File "<frozen importlib._bootstrap_external>", line 995, in exec_module
  File "<frozen importlib._bootstrap>", line 488, in _call_with_frames_removed
  File "/opt/airflow/dags/dag.py", line 28, in <module>
    func_call_op = PythonOperator(python_callable=test_func)
                   ^^^^^^^^^^^^^^^^^^^^^^^^^^^^^^^^^^^^^^^^^
  File "/home/airflow/.local/lib/python3.12/site-packages/airflow/models/baseoperator.py", line 490, in apply_defaults
    result = func(self, **kwargs, default_args=default_args)
             ^^^^^^^^^^^^^^^^^^^^^^^^^^^^^^^^^^^^^^^^^^^^^^^
  File "/home/airflow/.local/lib/python3.12/site-packages/airflow/operators/python.py", line 222, in __init__
    super().__init__(**kwargs)
  File "/home/airflow/.local/lib/python3.12/site-packages/airflow/models/baseoperator.py", line 490, in apply_defaults
    result = func(self, **kwargs, default_args=default_args)
             ^^^^^^^^^^^^^^^^^^^^^^^^^^^^^^^^^^^^^^^^^^^^^^^
TypeError: BaseOperator.__init__() missing 1 required positional argument: 'task_id'
[2024-11-03T18:33:02.495+0000] {processor.py:927} WARNING - No viable dags retrieved from /opt/airflow/dags/dag.py
[2024-11-03T18:33:02.517+0000] {processor.py:208} INFO - Processing /opt/airflow/dags/dag.py took 0.055 seconds
[2024-11-03T18:33:32.680+0000] {processor.py:186} INFO - Started process (PID=1744) to work on /opt/airflow/dags/dag.py
[2024-11-03T18:33:32.681+0000] {processor.py:914} INFO - Processing file /opt/airflow/dags/dag.py for tasks to queue
[2024-11-03T18:33:32.682+0000] {logging_mixin.py:190} INFO - [2024-11-03T18:33:32.682+0000] {dagbag.py:588} INFO - Filling up the DagBag from /opt/airflow/dags/dag.py
[2024-11-03T18:33:32.701+0000] {logging_mixin.py:190} INFO - [2024-11-03T18:33:32.696+0000] {dagbag.py:387} ERROR - Failed to import: /opt/airflow/dags/dag.py
Traceback (most recent call last):
  File "/home/airflow/.local/lib/python3.12/site-packages/airflow/models/dagbag.py", line 383, in parse
    loader.exec_module(new_module)
  File "<frozen importlib._bootstrap_external>", line 995, in exec_module
  File "<frozen importlib._bootstrap>", line 488, in _call_with_frames_removed
  File "/opt/airflow/dags/dag.py", line 28, in <module>
    func_call_op = PythonOperator(python_callable=test_func)
                   ^^^^^^^^^^^^^^^^^^^^^^^^^^^^^^^^^^^^^^^^^
  File "/home/airflow/.local/lib/python3.12/site-packages/airflow/models/baseoperator.py", line 490, in apply_defaults
    result = func(self, **kwargs, default_args=default_args)
             ^^^^^^^^^^^^^^^^^^^^^^^^^^^^^^^^^^^^^^^^^^^^^^^
  File "/home/airflow/.local/lib/python3.12/site-packages/airflow/operators/python.py", line 222, in __init__
    super().__init__(**kwargs)
  File "/home/airflow/.local/lib/python3.12/site-packages/airflow/models/baseoperator.py", line 490, in apply_defaults
    result = func(self, **kwargs, default_args=default_args)
             ^^^^^^^^^^^^^^^^^^^^^^^^^^^^^^^^^^^^^^^^^^^^^^^
TypeError: BaseOperator.__init__() missing 1 required positional argument: 'task_id'
[2024-11-03T18:33:32.702+0000] {processor.py:927} WARNING - No viable dags retrieved from /opt/airflow/dags/dag.py
[2024-11-03T18:33:32.725+0000] {processor.py:208} INFO - Processing /opt/airflow/dags/dag.py took 0.053 seconds
[2024-11-03T18:34:02.856+0000] {processor.py:186} INFO - Started process (PID=1807) to work on /opt/airflow/dags/dag.py
[2024-11-03T18:34:02.858+0000] {processor.py:914} INFO - Processing file /opt/airflow/dags/dag.py for tasks to queue
[2024-11-03T18:34:02.860+0000] {logging_mixin.py:190} INFO - [2024-11-03T18:34:02.859+0000] {dagbag.py:588} INFO - Filling up the DagBag from /opt/airflow/dags/dag.py
[2024-11-03T18:34:02.883+0000] {logging_mixin.py:190} INFO - [2024-11-03T18:34:02.876+0000] {dagbag.py:387} ERROR - Failed to import: /opt/airflow/dags/dag.py
Traceback (most recent call last):
  File "/home/airflow/.local/lib/python3.12/site-packages/airflow/models/dagbag.py", line 383, in parse
    loader.exec_module(new_module)
  File "<frozen importlib._bootstrap_external>", line 995, in exec_module
  File "<frozen importlib._bootstrap>", line 488, in _call_with_frames_removed
  File "/opt/airflow/dags/dag.py", line 28, in <module>
    func_call_op = PythonOperator(python_callable=test_func)
                   ^^^^^^^^^^^^^^^^^^^^^^^^^^^^^^^^^^^^^^^^^
  File "/home/airflow/.local/lib/python3.12/site-packages/airflow/models/baseoperator.py", line 490, in apply_defaults
    result = func(self, **kwargs, default_args=default_args)
             ^^^^^^^^^^^^^^^^^^^^^^^^^^^^^^^^^^^^^^^^^^^^^^^
  File "/home/airflow/.local/lib/python3.12/site-packages/airflow/operators/python.py", line 222, in __init__
    super().__init__(**kwargs)
  File "/home/airflow/.local/lib/python3.12/site-packages/airflow/models/baseoperator.py", line 490, in apply_defaults
    result = func(self, **kwargs, default_args=default_args)
             ^^^^^^^^^^^^^^^^^^^^^^^^^^^^^^^^^^^^^^^^^^^^^^^
TypeError: BaseOperator.__init__() missing 1 required positional argument: 'task_id'
[2024-11-03T18:34:02.884+0000] {processor.py:927} WARNING - No viable dags retrieved from /opt/airflow/dags/dag.py
[2024-11-03T18:34:02.906+0000] {processor.py:208} INFO - Processing /opt/airflow/dags/dag.py took 0.059 seconds
[2024-11-03T18:34:32.302+0000] {processor.py:186} INFO - Started process (PID=1870) to work on /opt/airflow/dags/dag.py
[2024-11-03T18:34:32.304+0000] {processor.py:914} INFO - Processing file /opt/airflow/dags/dag.py for tasks to queue
[2024-11-03T18:34:32.305+0000] {logging_mixin.py:190} INFO - [2024-11-03T18:34:32.305+0000] {dagbag.py:588} INFO - Filling up the DagBag from /opt/airflow/dags/dag.py
[2024-11-03T18:34:32.332+0000] {processor.py:925} INFO - DAG(s) 'yandex_task_dag' retrieved from /opt/airflow/dags/dag.py
[2024-11-03T18:34:32.452+0000] {logging_mixin.py:190} INFO - [2024-11-03T18:34:32.452+0000] {dag.py:3239} INFO - Sync 1 DAGs
[2024-11-03T18:34:32.467+0000] {logging_mixin.py:190} INFO - [2024-11-03T18:34:32.467+0000] {dag.py:4180} INFO - Setting next_dagrun for yandex_task_dag to None, run_after=None
[2024-11-03T18:34:32.493+0000] {processor.py:208} INFO - Processing /opt/airflow/dags/dag.py took 0.200 seconds
[2024-11-03T18:35:03.155+0000] {processor.py:186} INFO - Started process (PID=1933) to work on /opt/airflow/dags/dag.py
[2024-11-03T18:35:03.156+0000] {processor.py:914} INFO - Processing file /opt/airflow/dags/dag.py for tasks to queue
[2024-11-03T18:35:03.157+0000] {logging_mixin.py:190} INFO - [2024-11-03T18:35:03.157+0000] {dagbag.py:588} INFO - Filling up the DagBag from /opt/airflow/dags/dag.py
[2024-11-03T18:35:03.175+0000] {processor.py:925} INFO - DAG(s) 'yandex_task_dag' retrieved from /opt/airflow/dags/dag.py
[2024-11-03T18:35:03.196+0000] {logging_mixin.py:190} INFO - [2024-11-03T18:35:03.195+0000] {dag.py:3239} INFO - Sync 1 DAGs
[2024-11-03T18:35:03.213+0000] {logging_mixin.py:190} INFO - [2024-11-03T18:35:03.213+0000] {dag.py:4180} INFO - Setting next_dagrun for yandex_task_dag to None, run_after=None
[2024-11-03T18:35:03.234+0000] {processor.py:208} INFO - Processing /opt/airflow/dags/dag.py took 0.085 seconds
[2024-11-03T18:35:33.343+0000] {processor.py:186} INFO - Started process (PID=1997) to work on /opt/airflow/dags/dag.py
[2024-11-03T18:35:33.345+0000] {processor.py:914} INFO - Processing file /opt/airflow/dags/dag.py for tasks to queue
[2024-11-03T18:35:33.348+0000] {logging_mixin.py:190} INFO - [2024-11-03T18:35:33.347+0000] {dagbag.py:588} INFO - Filling up the DagBag from /opt/airflow/dags/dag.py
[2024-11-03T18:35:33.375+0000] {processor.py:925} INFO - DAG(s) 'yandex_task_dag' retrieved from /opt/airflow/dags/dag.py
[2024-11-03T18:35:33.408+0000] {logging_mixin.py:190} INFO - [2024-11-03T18:35:33.408+0000] {dag.py:3239} INFO - Sync 1 DAGs
[2024-11-03T18:35:33.438+0000] {logging_mixin.py:190} INFO - [2024-11-03T18:35:33.437+0000] {dag.py:4180} INFO - Setting next_dagrun for yandex_task_dag to None, run_after=None
[2024-11-03T18:35:33.462+0000] {processor.py:208} INFO - Processing /opt/airflow/dags/dag.py took 0.131 seconds
[2024-11-03T18:36:03.996+0000] {processor.py:186} INFO - Started process (PID=2060) to work on /opt/airflow/dags/dag.py
[2024-11-03T18:36:03.997+0000] {processor.py:914} INFO - Processing file /opt/airflow/dags/dag.py for tasks to queue
[2024-11-03T18:36:03.998+0000] {logging_mixin.py:190} INFO - [2024-11-03T18:36:03.998+0000] {dagbag.py:588} INFO - Filling up the DagBag from /opt/airflow/dags/dag.py
[2024-11-03T18:36:04.020+0000] {processor.py:925} INFO - DAG(s) 'yandex_task_dag' retrieved from /opt/airflow/dags/dag.py
[2024-11-03T18:36:04.046+0000] {logging_mixin.py:190} INFO - [2024-11-03T18:36:04.045+0000] {dag.py:3239} INFO - Sync 1 DAGs
[2024-11-03T18:36:04.064+0000] {logging_mixin.py:190} INFO - [2024-11-03T18:36:04.064+0000] {dag.py:4180} INFO - Setting next_dagrun for yandex_task_dag to None, run_after=None
[2024-11-03T18:36:04.086+0000] {processor.py:208} INFO - Processing /opt/airflow/dags/dag.py took 0.097 seconds
[2024-11-03T18:36:34.283+0000] {processor.py:186} INFO - Started process (PID=2123) to work on /opt/airflow/dags/dag.py
[2024-11-03T18:36:34.284+0000] {processor.py:914} INFO - Processing file /opt/airflow/dags/dag.py for tasks to queue
[2024-11-03T18:36:34.286+0000] {logging_mixin.py:190} INFO - [2024-11-03T18:36:34.285+0000] {dagbag.py:588} INFO - Filling up the DagBag from /opt/airflow/dags/dag.py
[2024-11-03T18:36:34.305+0000] {processor.py:925} INFO - DAG(s) 'yandex_task_dag' retrieved from /opt/airflow/dags/dag.py
[2024-11-03T18:36:34.325+0000] {logging_mixin.py:190} INFO - [2024-11-03T18:36:34.325+0000] {dag.py:3239} INFO - Sync 1 DAGs
[2024-11-03T18:36:34.345+0000] {logging_mixin.py:190} INFO - [2024-11-03T18:36:34.345+0000] {dag.py:4180} INFO - Setting next_dagrun for yandex_task_dag to None, run_after=None
[2024-11-03T18:36:34.365+0000] {processor.py:208} INFO - Processing /opt/airflow/dags/dag.py took 0.088 seconds
[2024-11-03T18:37:04.671+0000] {processor.py:186} INFO - Started process (PID=2186) to work on /opt/airflow/dags/dag.py
[2024-11-03T18:37:04.672+0000] {processor.py:914} INFO - Processing file /opt/airflow/dags/dag.py for tasks to queue
[2024-11-03T18:37:04.673+0000] {logging_mixin.py:190} INFO - [2024-11-03T18:37:04.673+0000] {dagbag.py:588} INFO - Filling up the DagBag from /opt/airflow/dags/dag.py
[2024-11-03T18:37:04.691+0000] {processor.py:925} INFO - DAG(s) 'yandex_task_dag' retrieved from /opt/airflow/dags/dag.py
[2024-11-03T18:37:04.711+0000] {logging_mixin.py:190} INFO - [2024-11-03T18:37:04.711+0000] {dag.py:3239} INFO - Sync 1 DAGs
[2024-11-03T18:37:04.727+0000] {logging_mixin.py:190} INFO - [2024-11-03T18:37:04.726+0000] {dag.py:4180} INFO - Setting next_dagrun for yandex_task_dag to None, run_after=None
[2024-11-03T18:37:04.745+0000] {processor.py:208} INFO - Processing /opt/airflow/dags/dag.py took 0.081 seconds
[2024-11-03T18:37:35.578+0000] {processor.py:186} INFO - Started process (PID=2249) to work on /opt/airflow/dags/dag.py
[2024-11-03T18:37:35.580+0000] {processor.py:914} INFO - Processing file /opt/airflow/dags/dag.py for tasks to queue
[2024-11-03T18:37:35.581+0000] {logging_mixin.py:190} INFO - [2024-11-03T18:37:35.581+0000] {dagbag.py:588} INFO - Filling up the DagBag from /opt/airflow/dags/dag.py
[2024-11-03T18:37:35.599+0000] {processor.py:925} INFO - DAG(s) 'yandex_task_dag' retrieved from /opt/airflow/dags/dag.py
[2024-11-03T18:37:35.619+0000] {logging_mixin.py:190} INFO - [2024-11-03T18:37:35.619+0000] {dag.py:3239} INFO - Sync 1 DAGs
[2024-11-03T18:37:35.636+0000] {logging_mixin.py:190} INFO - [2024-11-03T18:37:35.636+0000] {dag.py:4180} INFO - Setting next_dagrun for yandex_task_dag to None, run_after=None
[2024-11-03T18:37:35.658+0000] {processor.py:208} INFO - Processing /opt/airflow/dags/dag.py took 0.085 seconds
[2024-11-03T18:38:05.731+0000] {processor.py:186} INFO - Started process (PID=2312) to work on /opt/airflow/dags/dag.py
[2024-11-03T18:38:05.733+0000] {processor.py:914} INFO - Processing file /opt/airflow/dags/dag.py for tasks to queue
[2024-11-03T18:38:05.736+0000] {logging_mixin.py:190} INFO - [2024-11-03T18:38:05.735+0000] {dagbag.py:588} INFO - Filling up the DagBag from /opt/airflow/dags/dag.py
[2024-11-03T18:38:05.760+0000] {processor.py:925} INFO - DAG(s) 'yandex_task_dag' retrieved from /opt/airflow/dags/dag.py
[2024-11-03T18:38:05.787+0000] {logging_mixin.py:190} INFO - [2024-11-03T18:38:05.787+0000] {dag.py:3239} INFO - Sync 1 DAGs
[2024-11-03T18:38:05.813+0000] {logging_mixin.py:190} INFO - [2024-11-03T18:38:05.813+0000] {dag.py:4180} INFO - Setting next_dagrun for yandex_task_dag to None, run_after=None
[2024-11-03T18:38:05.842+0000] {processor.py:208} INFO - Processing /opt/airflow/dags/dag.py took 0.122 seconds
[2024-11-03T18:38:36.159+0000] {processor.py:186} INFO - Started process (PID=2375) to work on /opt/airflow/dags/dag.py
[2024-11-03T18:38:36.161+0000] {processor.py:914} INFO - Processing file /opt/airflow/dags/dag.py for tasks to queue
[2024-11-03T18:38:36.162+0000] {logging_mixin.py:190} INFO - [2024-11-03T18:38:36.162+0000] {dagbag.py:588} INFO - Filling up the DagBag from /opt/airflow/dags/dag.py
[2024-11-03T18:38:36.181+0000] {processor.py:925} INFO - DAG(s) 'yandex_task_dag' retrieved from /opt/airflow/dags/dag.py
[2024-11-03T18:38:36.205+0000] {logging_mixin.py:190} INFO - [2024-11-03T18:38:36.205+0000] {dag.py:3239} INFO - Sync 1 DAGs
[2024-11-03T18:38:36.226+0000] {logging_mixin.py:190} INFO - [2024-11-03T18:38:36.225+0000] {dag.py:4180} INFO - Setting next_dagrun for yandex_task_dag to None, run_after=None
[2024-11-03T18:38:36.248+0000] {processor.py:208} INFO - Processing /opt/airflow/dags/dag.py took 0.096 seconds
[2024-11-03T18:39:06.409+0000] {processor.py:186} INFO - Started process (PID=2433) to work on /opt/airflow/dags/dag.py
[2024-11-03T18:39:06.410+0000] {processor.py:914} INFO - Processing file /opt/airflow/dags/dag.py for tasks to queue
[2024-11-03T18:39:06.412+0000] {logging_mixin.py:190} INFO - [2024-11-03T18:39:06.412+0000] {dagbag.py:588} INFO - Filling up the DagBag from /opt/airflow/dags/dag.py
[2024-11-03T18:39:06.430+0000] {processor.py:925} INFO - DAG(s) 'yandex_task_dag' retrieved from /opt/airflow/dags/dag.py
[2024-11-03T18:39:06.452+0000] {logging_mixin.py:190} INFO - [2024-11-03T18:39:06.452+0000] {dag.py:3239} INFO - Sync 1 DAGs
[2024-11-03T18:39:06.475+0000] {logging_mixin.py:190} INFO - [2024-11-03T18:39:06.474+0000] {dag.py:4180} INFO - Setting next_dagrun for yandex_task_dag to None, run_after=None
[2024-11-03T18:39:06.498+0000] {processor.py:208} INFO - Processing /opt/airflow/dags/dag.py took 0.097 seconds
[2024-11-03T18:39:36.704+0000] {processor.py:186} INFO - Started process (PID=2496) to work on /opt/airflow/dags/dag.py
[2024-11-03T18:39:36.705+0000] {processor.py:914} INFO - Processing file /opt/airflow/dags/dag.py for tasks to queue
[2024-11-03T18:39:36.707+0000] {logging_mixin.py:190} INFO - [2024-11-03T18:39:36.707+0000] {dagbag.py:588} INFO - Filling up the DagBag from /opt/airflow/dags/dag.py
[2024-11-03T18:39:36.726+0000] {processor.py:925} INFO - DAG(s) 'yandex_task_dag' retrieved from /opt/airflow/dags/dag.py
[2024-11-03T18:39:36.750+0000] {logging_mixin.py:190} INFO - [2024-11-03T18:39:36.750+0000] {dag.py:3239} INFO - Sync 1 DAGs
[2024-11-03T18:39:36.768+0000] {logging_mixin.py:190} INFO - [2024-11-03T18:39:36.768+0000] {dag.py:4180} INFO - Setting next_dagrun for yandex_task_dag to None, run_after=None
[2024-11-03T18:39:36.792+0000] {processor.py:208} INFO - Processing /opt/airflow/dags/dag.py took 0.099 seconds
[2024-11-03T18:40:07.704+0000] {processor.py:186} INFO - Started process (PID=2560) to work on /opt/airflow/dags/dag.py
[2024-11-03T18:40:07.705+0000] {processor.py:914} INFO - Processing file /opt/airflow/dags/dag.py for tasks to queue
[2024-11-03T18:40:07.707+0000] {logging_mixin.py:190} INFO - [2024-11-03T18:40:07.707+0000] {dagbag.py:588} INFO - Filling up the DagBag from /opt/airflow/dags/dag.py
[2024-11-03T18:40:07.726+0000] {processor.py:925} INFO - DAG(s) 'yandex_task_dag' retrieved from /opt/airflow/dags/dag.py
[2024-11-03T18:40:07.750+0000] {logging_mixin.py:190} INFO - [2024-11-03T18:40:07.750+0000] {dag.py:3239} INFO - Sync 1 DAGs
[2024-11-03T18:40:07.769+0000] {logging_mixin.py:190} INFO - [2024-11-03T18:40:07.769+0000] {dag.py:4180} INFO - Setting next_dagrun for yandex_task_dag to None, run_after=None
[2024-11-03T18:40:07.792+0000] {processor.py:208} INFO - Processing /opt/airflow/dags/dag.py took 0.095 seconds
[2024-11-03T18:40:38.122+0000] {processor.py:186} INFO - Started process (PID=2623) to work on /opt/airflow/dags/dag.py
[2024-11-03T18:40:38.123+0000] {processor.py:914} INFO - Processing file /opt/airflow/dags/dag.py for tasks to queue
[2024-11-03T18:40:38.125+0000] {logging_mixin.py:190} INFO - [2024-11-03T18:40:38.124+0000] {dagbag.py:588} INFO - Filling up the DagBag from /opt/airflow/dags/dag.py
[2024-11-03T18:40:38.144+0000] {processor.py:925} INFO - DAG(s) 'yandex_task_dag' retrieved from /opt/airflow/dags/dag.py
[2024-11-03T18:40:38.167+0000] {logging_mixin.py:190} INFO - [2024-11-03T18:40:38.167+0000] {dag.py:3239} INFO - Sync 1 DAGs
[2024-11-03T18:40:38.186+0000] {logging_mixin.py:190} INFO - [2024-11-03T18:40:38.185+0000] {dag.py:4180} INFO - Setting next_dagrun for yandex_task_dag to None, run_after=None
[2024-11-03T18:40:38.207+0000] {processor.py:208} INFO - Processing /opt/airflow/dags/dag.py took 0.095 seconds
[2024-11-03T18:41:09.087+0000] {processor.py:186} INFO - Started process (PID=2686) to work on /opt/airflow/dags/dag.py
[2024-11-03T18:41:09.089+0000] {processor.py:914} INFO - Processing file /opt/airflow/dags/dag.py for tasks to queue
[2024-11-03T18:41:09.092+0000] {logging_mixin.py:190} INFO - [2024-11-03T18:41:09.091+0000] {dagbag.py:588} INFO - Filling up the DagBag from /opt/airflow/dags/dag.py
[2024-11-03T18:41:09.121+0000] {processor.py:925} INFO - DAG(s) 'yandex_task_dag' retrieved from /opt/airflow/dags/dag.py
[2024-11-03T18:41:09.175+0000] {logging_mixin.py:190} INFO - [2024-11-03T18:41:09.175+0000] {dag.py:3239} INFO - Sync 1 DAGs
[2024-11-03T18:41:09.215+0000] {logging_mixin.py:190} INFO - [2024-11-03T18:41:09.214+0000] {dag.py:4180} INFO - Setting next_dagrun for yandex_task_dag to None, run_after=None
[2024-11-03T18:41:09.246+0000] {processor.py:208} INFO - Processing /opt/airflow/dags/dag.py took 0.175 seconds
[2024-11-03T18:41:39.397+0000] {processor.py:186} INFO - Started process (PID=2749) to work on /opt/airflow/dags/dag.py
[2024-11-03T18:41:39.399+0000] {processor.py:914} INFO - Processing file /opt/airflow/dags/dag.py for tasks to queue
[2024-11-03T18:41:39.401+0000] {logging_mixin.py:190} INFO - [2024-11-03T18:41:39.401+0000] {dagbag.py:588} INFO - Filling up the DagBag from /opt/airflow/dags/dag.py
[2024-11-03T18:41:39.417+0000] {processor.py:925} INFO - DAG(s) 'yandex_task_dag' retrieved from /opt/airflow/dags/dag.py
[2024-11-03T18:41:39.440+0000] {logging_mixin.py:190} INFO - [2024-11-03T18:41:39.440+0000] {dag.py:3239} INFO - Sync 1 DAGs
[2024-11-03T18:41:39.460+0000] {logging_mixin.py:190} INFO - [2024-11-03T18:41:39.460+0000] {dag.py:4180} INFO - Setting next_dagrun for yandex_task_dag to None, run_after=None
[2024-11-03T18:41:39.482+0000] {processor.py:208} INFO - Processing /opt/airflow/dags/dag.py took 0.094 seconds
[2024-11-03T18:42:09.611+0000] {processor.py:186} INFO - Started process (PID=2813) to work on /opt/airflow/dags/dag.py
[2024-11-03T18:42:09.613+0000] {processor.py:914} INFO - Processing file /opt/airflow/dags/dag.py for tasks to queue
[2024-11-03T18:42:09.615+0000] {logging_mixin.py:190} INFO - [2024-11-03T18:42:09.615+0000] {dagbag.py:588} INFO - Filling up the DagBag from /opt/airflow/dags/dag.py
[2024-11-03T18:42:09.635+0000] {processor.py:925} INFO - DAG(s) 'yandex_task_dag' retrieved from /opt/airflow/dags/dag.py
[2024-11-03T18:42:09.662+0000] {logging_mixin.py:190} INFO - [2024-11-03T18:42:09.662+0000] {dag.py:3239} INFO - Sync 1 DAGs
[2024-11-03T18:42:09.685+0000] {logging_mixin.py:190} INFO - [2024-11-03T18:42:09.684+0000] {dag.py:4180} INFO - Setting next_dagrun for yandex_task_dag to None, run_after=None
[2024-11-03T18:42:09.711+0000] {processor.py:208} INFO - Processing /opt/airflow/dags/dag.py took 0.110 seconds
[2024-11-03T18:42:40.401+0000] {processor.py:186} INFO - Started process (PID=2876) to work on /opt/airflow/dags/dag.py
[2024-11-03T18:42:40.402+0000] {processor.py:914} INFO - Processing file /opt/airflow/dags/dag.py for tasks to queue
[2024-11-03T18:42:40.404+0000] {logging_mixin.py:190} INFO - [2024-11-03T18:42:40.404+0000] {dagbag.py:588} INFO - Filling up the DagBag from /opt/airflow/dags/dag.py
[2024-11-03T18:42:40.424+0000] {processor.py:925} INFO - DAG(s) 'yandex_task_dag' retrieved from /opt/airflow/dags/dag.py
[2024-11-03T18:42:40.446+0000] {logging_mixin.py:190} INFO - [2024-11-03T18:42:40.446+0000] {dag.py:3239} INFO - Sync 1 DAGs
[2024-11-03T18:42:40.465+0000] {logging_mixin.py:190} INFO - [2024-11-03T18:42:40.465+0000] {dag.py:4180} INFO - Setting next_dagrun for yandex_task_dag to None, run_after=None
[2024-11-03T18:42:40.489+0000] {processor.py:208} INFO - Processing /opt/airflow/dags/dag.py took 0.099 seconds
[2024-11-03T18:43:10.872+0000] {processor.py:186} INFO - Started process (PID=2939) to work on /opt/airflow/dags/dag.py
[2024-11-03T18:43:10.873+0000] {processor.py:914} INFO - Processing file /opt/airflow/dags/dag.py for tasks to queue
[2024-11-03T18:43:10.875+0000] {logging_mixin.py:190} INFO - [2024-11-03T18:43:10.875+0000] {dagbag.py:588} INFO - Filling up the DagBag from /opt/airflow/dags/dag.py
[2024-11-03T18:43:10.894+0000] {processor.py:925} INFO - DAG(s) 'yandex_task_dag' retrieved from /opt/airflow/dags/dag.py
[2024-11-03T18:43:10.917+0000] {logging_mixin.py:190} INFO - [2024-11-03T18:43:10.917+0000] {dag.py:3239} INFO - Sync 1 DAGs
[2024-11-03T18:43:10.936+0000] {logging_mixin.py:190} INFO - [2024-11-03T18:43:10.936+0000] {dag.py:4180} INFO - Setting next_dagrun for yandex_task_dag to None, run_after=None
[2024-11-03T18:43:10.958+0000] {processor.py:208} INFO - Processing /opt/airflow/dags/dag.py took 0.095 seconds
[2024-11-03T18:43:41.517+0000] {processor.py:186} INFO - Started process (PID=3002) to work on /opt/airflow/dags/dag.py
[2024-11-03T18:43:41.519+0000] {processor.py:914} INFO - Processing file /opt/airflow/dags/dag.py for tasks to queue
[2024-11-03T18:43:41.521+0000] {logging_mixin.py:190} INFO - [2024-11-03T18:43:41.521+0000] {dagbag.py:588} INFO - Filling up the DagBag from /opt/airflow/dags/dag.py
[2024-11-03T18:43:41.542+0000] {processor.py:925} INFO - DAG(s) 'yandex_task_dag' retrieved from /opt/airflow/dags/dag.py
[2024-11-03T18:43:41.569+0000] {logging_mixin.py:190} INFO - [2024-11-03T18:43:41.569+0000] {dag.py:3239} INFO - Sync 1 DAGs
[2024-11-03T18:43:41.593+0000] {logging_mixin.py:190} INFO - [2024-11-03T18:43:41.592+0000] {dag.py:4180} INFO - Setting next_dagrun for yandex_task_dag to None, run_after=None
[2024-11-03T18:43:41.618+0000] {processor.py:208} INFO - Processing /opt/airflow/dags/dag.py took 0.111 seconds
[2024-11-03T18:44:12.166+0000] {processor.py:186} INFO - Started process (PID=3065) to work on /opt/airflow/dags/dag.py
[2024-11-03T18:44:12.168+0000] {processor.py:914} INFO - Processing file /opt/airflow/dags/dag.py for tasks to queue
[2024-11-03T18:44:12.170+0000] {logging_mixin.py:190} INFO - [2024-11-03T18:44:12.169+0000] {dagbag.py:588} INFO - Filling up the DagBag from /opt/airflow/dags/dag.py
[2024-11-03T18:44:12.188+0000] {processor.py:925} INFO - DAG(s) 'yandex_task_dag' retrieved from /opt/airflow/dags/dag.py
[2024-11-03T18:44:12.214+0000] {logging_mixin.py:190} INFO - [2024-11-03T18:44:12.214+0000] {dag.py:3239} INFO - Sync 1 DAGs
[2024-11-03T18:44:12.233+0000] {logging_mixin.py:190} INFO - [2024-11-03T18:44:12.232+0000] {dag.py:4180} INFO - Setting next_dagrun for yandex_task_dag to None, run_after=None
[2024-11-03T18:44:12.254+0000] {processor.py:208} INFO - Processing /opt/airflow/dags/dag.py took 0.096 seconds
[2024-11-03T18:44:43.131+0000] {processor.py:186} INFO - Started process (PID=3128) to work on /opt/airflow/dags/dag.py
[2024-11-03T18:44:43.132+0000] {processor.py:914} INFO - Processing file /opt/airflow/dags/dag.py for tasks to queue
[2024-11-03T18:44:43.137+0000] {logging_mixin.py:190} INFO - [2024-11-03T18:44:43.136+0000] {dagbag.py:588} INFO - Filling up the DagBag from /opt/airflow/dags/dag.py
[2024-11-03T18:44:43.157+0000] {processor.py:925} INFO - DAG(s) 'yandex_task_dag' retrieved from /opt/airflow/dags/dag.py
[2024-11-03T18:44:43.184+0000] {logging_mixin.py:190} INFO - [2024-11-03T18:44:43.183+0000] {dag.py:3239} INFO - Sync 1 DAGs
[2024-11-03T18:44:43.204+0000] {logging_mixin.py:190} INFO - [2024-11-03T18:44:43.204+0000] {dag.py:4180} INFO - Setting next_dagrun for yandex_task_dag to None, run_after=None
[2024-11-03T18:44:43.231+0000] {processor.py:208} INFO - Processing /opt/airflow/dags/dag.py took 0.109 seconds
[2024-11-03T18:45:13.729+0000] {processor.py:186} INFO - Started process (PID=3191) to work on /opt/airflow/dags/dag.py
[2024-11-03T18:45:13.731+0000] {processor.py:914} INFO - Processing file /opt/airflow/dags/dag.py for tasks to queue
[2024-11-03T18:45:13.733+0000] {logging_mixin.py:190} INFO - [2024-11-03T18:45:13.733+0000] {dagbag.py:588} INFO - Filling up the DagBag from /opt/airflow/dags/dag.py
[2024-11-03T18:45:13.762+0000] {processor.py:925} INFO - DAG(s) 'yandex_task_dag' retrieved from /opt/airflow/dags/dag.py
[2024-11-03T18:45:13.792+0000] {logging_mixin.py:190} INFO - [2024-11-03T18:45:13.791+0000] {dag.py:3239} INFO - Sync 1 DAGs
[2024-11-03T18:45:13.811+0000] {logging_mixin.py:190} INFO - [2024-11-03T18:45:13.811+0000] {dag.py:4180} INFO - Setting next_dagrun for yandex_task_dag to None, run_after=None
[2024-11-03T18:45:13.836+0000] {processor.py:208} INFO - Processing /opt/airflow/dags/dag.py took 0.117 seconds
[2024-11-03T18:45:44.311+0000] {processor.py:186} INFO - Started process (PID=3254) to work on /opt/airflow/dags/dag.py
[2024-11-03T18:45:44.320+0000] {processor.py:914} INFO - Processing file /opt/airflow/dags/dag.py for tasks to queue
[2024-11-03T18:45:44.325+0000] {logging_mixin.py:190} INFO - [2024-11-03T18:45:44.324+0000] {dagbag.py:588} INFO - Filling up the DagBag from /opt/airflow/dags/dag.py
[2024-11-03T18:45:44.358+0000] {processor.py:925} INFO - DAG(s) 'yandex_task_dag' retrieved from /opt/airflow/dags/dag.py
[2024-11-03T18:45:44.381+0000] {logging_mixin.py:190} INFO - [2024-11-03T18:45:44.381+0000] {dag.py:3239} INFO - Sync 1 DAGs
[2024-11-03T18:45:44.399+0000] {logging_mixin.py:190} INFO - [2024-11-03T18:45:44.399+0000] {dag.py:4180} INFO - Setting next_dagrun for yandex_task_dag to None, run_after=None
[2024-11-03T18:45:44.422+0000] {processor.py:208} INFO - Processing /opt/airflow/dags/dag.py took 0.122 seconds
[2024-11-03T18:46:14.502+0000] {processor.py:186} INFO - Started process (PID=3317) to work on /opt/airflow/dags/dag.py
[2024-11-03T18:46:14.503+0000] {processor.py:914} INFO - Processing file /opt/airflow/dags/dag.py for tasks to queue
[2024-11-03T18:46:14.504+0000] {logging_mixin.py:190} INFO - [2024-11-03T18:46:14.504+0000] {dagbag.py:588} INFO - Filling up the DagBag from /opt/airflow/dags/dag.py
[2024-11-03T18:46:14.523+0000] {processor.py:925} INFO - DAG(s) 'yandex_task_dag' retrieved from /opt/airflow/dags/dag.py
[2024-11-03T18:46:14.545+0000] {logging_mixin.py:190} INFO - [2024-11-03T18:46:14.545+0000] {dag.py:3239} INFO - Sync 1 DAGs
[2024-11-03T18:46:14.563+0000] {logging_mixin.py:190} INFO - [2024-11-03T18:46:14.563+0000] {dag.py:4180} INFO - Setting next_dagrun for yandex_task_dag to None, run_after=None
[2024-11-03T18:46:14.775+0000] {processor.py:208} INFO - Processing /opt/airflow/dags/dag.py took 0.281 seconds
[2024-11-03T18:46:45.206+0000] {processor.py:186} INFO - Started process (PID=3380) to work on /opt/airflow/dags/dag.py
[2024-11-03T18:46:45.208+0000] {processor.py:914} INFO - Processing file /opt/airflow/dags/dag.py for tasks to queue
[2024-11-03T18:46:45.211+0000] {logging_mixin.py:190} INFO - [2024-11-03T18:46:45.210+0000] {dagbag.py:588} INFO - Filling up the DagBag from /opt/airflow/dags/dag.py
[2024-11-03T18:46:45.231+0000] {processor.py:925} INFO - DAG(s) 'yandex_task_dag' retrieved from /opt/airflow/dags/dag.py
[2024-11-03T18:46:45.256+0000] {logging_mixin.py:190} INFO - [2024-11-03T18:46:45.255+0000] {dag.py:3239} INFO - Sync 1 DAGs
[2024-11-03T18:46:45.277+0000] {logging_mixin.py:190} INFO - [2024-11-03T18:46:45.277+0000] {dag.py:4180} INFO - Setting next_dagrun for yandex_task_dag to None, run_after=None
[2024-11-03T18:46:45.303+0000] {processor.py:208} INFO - Processing /opt/airflow/dags/dag.py took 0.114 seconds
[2024-11-03T18:47:15.404+0000] {processor.py:186} INFO - Started process (PID=3443) to work on /opt/airflow/dags/dag.py
[2024-11-03T18:47:15.406+0000] {processor.py:914} INFO - Processing file /opt/airflow/dags/dag.py for tasks to queue
[2024-11-03T18:47:15.408+0000] {logging_mixin.py:190} INFO - [2024-11-03T18:47:15.407+0000] {dagbag.py:588} INFO - Filling up the DagBag from /opt/airflow/dags/dag.py
[2024-11-03T18:47:15.425+0000] {processor.py:925} INFO - DAG(s) 'yandex_task_dag' retrieved from /opt/airflow/dags/dag.py
[2024-11-03T18:47:15.445+0000] {logging_mixin.py:190} INFO - [2024-11-03T18:47:15.445+0000] {dag.py:3239} INFO - Sync 1 DAGs
[2024-11-03T18:47:15.462+0000] {logging_mixin.py:190} INFO - [2024-11-03T18:47:15.462+0000] {dag.py:4180} INFO - Setting next_dagrun for yandex_task_dag to None, run_after=None
[2024-11-03T18:47:15.485+0000] {processor.py:208} INFO - Processing /opt/airflow/dags/dag.py took 0.089 seconds
[2024-11-03T18:47:45.972+0000] {processor.py:186} INFO - Started process (PID=3506) to work on /opt/airflow/dags/dag.py
[2024-11-03T18:47:45.973+0000] {processor.py:914} INFO - Processing file /opt/airflow/dags/dag.py for tasks to queue
[2024-11-03T18:47:45.975+0000] {logging_mixin.py:190} INFO - [2024-11-03T18:47:45.975+0000] {dagbag.py:588} INFO - Filling up the DagBag from /opt/airflow/dags/dag.py
[2024-11-03T18:47:45.992+0000] {processor.py:925} INFO - DAG(s) 'yandex_task_dag' retrieved from /opt/airflow/dags/dag.py
[2024-11-03T18:47:46.174+0000] {logging_mixin.py:190} INFO - [2024-11-03T18:47:46.174+0000] {dag.py:3239} INFO - Sync 1 DAGs
[2024-11-03T18:47:46.190+0000] {logging_mixin.py:190} INFO - [2024-11-03T18:47:46.190+0000] {dag.py:4180} INFO - Setting next_dagrun for yandex_task_dag to None, run_after=None
[2024-11-03T18:47:46.210+0000] {processor.py:208} INFO - Processing /opt/airflow/dags/dag.py took 0.245 seconds
[2024-11-03T18:48:16.480+0000] {processor.py:186} INFO - Started process (PID=3570) to work on /opt/airflow/dags/dag.py
[2024-11-03T18:48:16.482+0000] {processor.py:914} INFO - Processing file /opt/airflow/dags/dag.py for tasks to queue
[2024-11-03T18:48:16.484+0000] {logging_mixin.py:190} INFO - [2024-11-03T18:48:16.483+0000] {dagbag.py:588} INFO - Filling up the DagBag from /opt/airflow/dags/dag.py
[2024-11-03T18:48:16.503+0000] {processor.py:925} INFO - DAG(s) 'yandex_task_dag' retrieved from /opt/airflow/dags/dag.py
[2024-11-03T18:48:16.521+0000] {logging_mixin.py:190} INFO - [2024-11-03T18:48:16.521+0000] {dag.py:3239} INFO - Sync 1 DAGs
[2024-11-03T18:48:16.538+0000] {logging_mixin.py:190} INFO - [2024-11-03T18:48:16.538+0000] {dag.py:4180} INFO - Setting next_dagrun for yandex_task_dag to None, run_after=None
[2024-11-03T18:48:16.555+0000] {processor.py:208} INFO - Processing /opt/airflow/dags/dag.py took 0.092 seconds
[2024-11-03T18:48:47.198+0000] {processor.py:186} INFO - Started process (PID=3639) to work on /opt/airflow/dags/dag.py
[2024-11-03T18:48:47.202+0000] {processor.py:914} INFO - Processing file /opt/airflow/dags/dag.py for tasks to queue
[2024-11-03T18:48:47.207+0000] {logging_mixin.py:190} INFO - [2024-11-03T18:48:47.206+0000] {dagbag.py:588} INFO - Filling up the DagBag from /opt/airflow/dags/dag.py
[2024-11-03T18:48:47.245+0000] {processor.py:925} INFO - DAG(s) 'yandex_task_dag' retrieved from /opt/airflow/dags/dag.py
[2024-11-03T18:48:47.272+0000] {logging_mixin.py:190} INFO - [2024-11-03T18:48:47.272+0000] {dag.py:3239} INFO - Sync 1 DAGs
[2024-11-03T18:48:47.296+0000] {logging_mixin.py:190} INFO - [2024-11-03T18:48:47.296+0000] {dag.py:4180} INFO - Setting next_dagrun for yandex_task_dag to None, run_after=None
[2024-11-03T18:48:47.324+0000] {processor.py:208} INFO - Processing /opt/airflow/dags/dag.py took 0.147 seconds
[2024-11-03T18:49:17.568+0000] {processor.py:186} INFO - Started process (PID=3702) to work on /opt/airflow/dags/dag.py
[2024-11-03T18:49:17.571+0000] {processor.py:914} INFO - Processing file /opt/airflow/dags/dag.py for tasks to queue
[2024-11-03T18:49:17.574+0000] {logging_mixin.py:190} INFO - [2024-11-03T18:49:17.573+0000] {dagbag.py:588} INFO - Filling up the DagBag from /opt/airflow/dags/dag.py
[2024-11-03T18:49:17.607+0000] {processor.py:925} INFO - DAG(s) 'yandex_task_dag' retrieved from /opt/airflow/dags/dag.py
[2024-11-03T18:49:17.630+0000] {logging_mixin.py:190} INFO - [2024-11-03T18:49:17.630+0000] {dag.py:3239} INFO - Sync 1 DAGs
[2024-11-03T18:49:17.648+0000] {logging_mixin.py:190} INFO - [2024-11-03T18:49:17.647+0000] {dag.py:4180} INFO - Setting next_dagrun for yandex_task_dag to None, run_after=None
[2024-11-03T18:49:17.669+0000] {processor.py:208} INFO - Processing /opt/airflow/dags/dag.py took 0.115 seconds
[2024-11-03T18:49:47.807+0000] {processor.py:186} INFO - Started process (PID=3765) to work on /opt/airflow/dags/dag.py
[2024-11-03T18:49:47.809+0000] {processor.py:914} INFO - Processing file /opt/airflow/dags/dag.py for tasks to queue
[2024-11-03T18:49:47.811+0000] {logging_mixin.py:190} INFO - [2024-11-03T18:49:47.811+0000] {dagbag.py:588} INFO - Filling up the DagBag from /opt/airflow/dags/dag.py
[2024-11-03T18:49:47.830+0000] {processor.py:925} INFO - DAG(s) 'yandex_task_dag' retrieved from /opt/airflow/dags/dag.py
[2024-11-03T18:49:47.851+0000] {logging_mixin.py:190} INFO - [2024-11-03T18:49:47.851+0000] {dag.py:3239} INFO - Sync 1 DAGs
[2024-11-03T18:49:47.873+0000] {logging_mixin.py:190} INFO - [2024-11-03T18:49:47.873+0000] {dag.py:4180} INFO - Setting next_dagrun for yandex_task_dag to None, run_after=None
[2024-11-03T18:49:47.905+0000] {processor.py:208} INFO - Processing /opt/airflow/dags/dag.py took 0.107 seconds
[2024-11-03T18:50:18.109+0000] {processor.py:186} INFO - Started process (PID=3828) to work on /opt/airflow/dags/dag.py
[2024-11-03T18:50:18.110+0000] {processor.py:914} INFO - Processing file /opt/airflow/dags/dag.py for tasks to queue
[2024-11-03T18:50:18.111+0000] {logging_mixin.py:190} INFO - [2024-11-03T18:50:18.111+0000] {dagbag.py:588} INFO - Filling up the DagBag from /opt/airflow/dags/dag.py
[2024-11-03T18:50:18.129+0000] {processor.py:925} INFO - DAG(s) 'yandex_task_dag' retrieved from /opt/airflow/dags/dag.py
[2024-11-03T18:50:18.148+0000] {logging_mixin.py:190} INFO - [2024-11-03T18:50:18.147+0000] {dag.py:3239} INFO - Sync 1 DAGs
[2024-11-03T18:50:18.163+0000] {logging_mixin.py:190} INFO - [2024-11-03T18:50:18.163+0000] {dag.py:4180} INFO - Setting next_dagrun for yandex_task_dag to None, run_after=None
[2024-11-03T18:50:18.184+0000] {processor.py:208} INFO - Processing /opt/airflow/dags/dag.py took 0.082 seconds
[2024-11-03T18:50:48.679+0000] {processor.py:186} INFO - Started process (PID=3891) to work on /opt/airflow/dags/dag.py
[2024-11-03T18:50:48.680+0000] {processor.py:914} INFO - Processing file /opt/airflow/dags/dag.py for tasks to queue
[2024-11-03T18:50:48.682+0000] {logging_mixin.py:190} INFO - [2024-11-03T18:50:48.681+0000] {dagbag.py:588} INFO - Filling up the DagBag from /opt/airflow/dags/dag.py
[2024-11-03T18:50:48.698+0000] {processor.py:925} INFO - DAG(s) 'yandex_task_dag' retrieved from /opt/airflow/dags/dag.py
[2024-11-03T18:50:48.718+0000] {logging_mixin.py:190} INFO - [2024-11-03T18:50:48.718+0000] {dag.py:3239} INFO - Sync 1 DAGs
[2024-11-03T18:50:48.734+0000] {logging_mixin.py:190} INFO - [2024-11-03T18:50:48.734+0000] {dag.py:4180} INFO - Setting next_dagrun for yandex_task_dag to None, run_after=None
[2024-11-03T18:50:48.754+0000] {processor.py:208} INFO - Processing /opt/airflow/dags/dag.py took 0.082 seconds
[2024-11-03T18:51:19.059+0000] {processor.py:186} INFO - Started process (PID=3954) to work on /opt/airflow/dags/dag.py
[2024-11-03T18:51:19.060+0000] {processor.py:914} INFO - Processing file /opt/airflow/dags/dag.py for tasks to queue
[2024-11-03T18:51:19.062+0000] {logging_mixin.py:190} INFO - [2024-11-03T18:51:19.061+0000] {dagbag.py:588} INFO - Filling up the DagBag from /opt/airflow/dags/dag.py
[2024-11-03T18:51:19.082+0000] {processor.py:925} INFO - DAG(s) 'yandex_task_dag' retrieved from /opt/airflow/dags/dag.py
[2024-11-03T18:51:19.106+0000] {logging_mixin.py:190} INFO - [2024-11-03T18:51:19.106+0000] {dag.py:3239} INFO - Sync 1 DAGs
[2024-11-03T18:51:19.126+0000] {logging_mixin.py:190} INFO - [2024-11-03T18:51:19.126+0000] {dag.py:4180} INFO - Setting next_dagrun for yandex_task_dag to None, run_after=None
[2024-11-03T18:51:19.149+0000] {processor.py:208} INFO - Processing /opt/airflow/dags/dag.py took 0.098 seconds
[2024-11-03T18:51:49.840+0000] {processor.py:186} INFO - Started process (PID=4017) to work on /opt/airflow/dags/dag.py
[2024-11-03T18:51:49.842+0000] {processor.py:914} INFO - Processing file /opt/airflow/dags/dag.py for tasks to queue
[2024-11-03T18:51:49.843+0000] {logging_mixin.py:190} INFO - [2024-11-03T18:51:49.843+0000] {dagbag.py:588} INFO - Filling up the DagBag from /opt/airflow/dags/dag.py
[2024-11-03T18:51:49.864+0000] {processor.py:925} INFO - DAG(s) 'yandex_task_dag' retrieved from /opt/airflow/dags/dag.py
[2024-11-03T18:51:49.883+0000] {logging_mixin.py:190} INFO - [2024-11-03T18:51:49.882+0000] {dag.py:3239} INFO - Sync 1 DAGs
[2024-11-03T18:51:49.900+0000] {logging_mixin.py:190} INFO - [2024-11-03T18:51:49.900+0000] {dag.py:4180} INFO - Setting next_dagrun for yandex_task_dag to None, run_after=None
[2024-11-03T18:51:49.921+0000] {processor.py:208} INFO - Processing /opt/airflow/dags/dag.py took 0.090 seconds
[2024-11-03T18:52:19.974+0000] {processor.py:186} INFO - Started process (PID=4080) to work on /opt/airflow/dags/dag.py
[2024-11-03T18:52:19.975+0000] {processor.py:914} INFO - Processing file /opt/airflow/dags/dag.py for tasks to queue
[2024-11-03T18:52:19.977+0000] {logging_mixin.py:190} INFO - [2024-11-03T18:52:19.976+0000] {dagbag.py:588} INFO - Filling up the DagBag from /opt/airflow/dags/dag.py
[2024-11-03T18:52:19.999+0000] {processor.py:925} INFO - DAG(s) 'yandex_task_dag' retrieved from /opt/airflow/dags/dag.py
[2024-11-03T18:52:20.019+0000] {logging_mixin.py:190} INFO - [2024-11-03T18:52:20.018+0000] {dag.py:3239} INFO - Sync 1 DAGs
[2024-11-03T18:52:20.036+0000] {logging_mixin.py:190} INFO - [2024-11-03T18:52:20.035+0000] {dag.py:4180} INFO - Setting next_dagrun for yandex_task_dag to None, run_after=None
[2024-11-03T18:52:20.057+0000] {processor.py:208} INFO - Processing /opt/airflow/dags/dag.py took 0.089 seconds
[2024-11-03T18:52:50.479+0000] {processor.py:186} INFO - Started process (PID=4143) to work on /opt/airflow/dags/dag.py
[2024-11-03T18:52:50.480+0000] {processor.py:914} INFO - Processing file /opt/airflow/dags/dag.py for tasks to queue
[2024-11-03T18:52:50.483+0000] {logging_mixin.py:190} INFO - [2024-11-03T18:52:50.482+0000] {dagbag.py:588} INFO - Filling up the DagBag from /opt/airflow/dags/dag.py
[2024-11-03T18:52:50.503+0000] {processor.py:925} INFO - DAG(s) 'yandex_task_dag' retrieved from /opt/airflow/dags/dag.py
[2024-11-03T18:52:50.525+0000] {logging_mixin.py:190} INFO - [2024-11-03T18:52:50.525+0000] {dag.py:3239} INFO - Sync 1 DAGs
[2024-11-03T18:52:50.543+0000] {logging_mixin.py:190} INFO - [2024-11-03T18:52:50.543+0000] {dag.py:4180} INFO - Setting next_dagrun for yandex_task_dag to None, run_after=None
[2024-11-03T18:52:50.566+0000] {processor.py:208} INFO - Processing /opt/airflow/dags/dag.py took 0.095 seconds
[2024-11-03T18:53:21.089+0000] {processor.py:186} INFO - Started process (PID=4206) to work on /opt/airflow/dags/dag.py
[2024-11-03T18:53:21.090+0000] {processor.py:914} INFO - Processing file /opt/airflow/dags/dag.py for tasks to queue
[2024-11-03T18:53:21.091+0000] {logging_mixin.py:190} INFO - [2024-11-03T18:53:21.091+0000] {dagbag.py:588} INFO - Filling up the DagBag from /opt/airflow/dags/dag.py
[2024-11-03T18:53:21.108+0000] {processor.py:925} INFO - DAG(s) 'yandex_task_dag' retrieved from /opt/airflow/dags/dag.py
[2024-11-03T18:53:21.129+0000] {logging_mixin.py:190} INFO - [2024-11-03T18:53:21.129+0000] {dag.py:3239} INFO - Sync 1 DAGs
[2024-11-03T18:53:21.146+0000] {logging_mixin.py:190} INFO - [2024-11-03T18:53:21.146+0000] {dag.py:4180} INFO - Setting next_dagrun for yandex_task_dag to None, run_after=None
[2024-11-03T18:53:21.165+0000] {processor.py:208} INFO - Processing /opt/airflow/dags/dag.py took 0.084 seconds
[2024-11-03T18:53:51.311+0000] {processor.py:186} INFO - Started process (PID=4270) to work on /opt/airflow/dags/dag.py
[2024-11-03T18:53:51.312+0000] {processor.py:914} INFO - Processing file /opt/airflow/dags/dag.py for tasks to queue
[2024-11-03T18:53:51.314+0000] {logging_mixin.py:190} INFO - [2024-11-03T18:53:51.313+0000] {dagbag.py:588} INFO - Filling up the DagBag from /opt/airflow/dags/dag.py
[2024-11-03T18:53:51.334+0000] {processor.py:925} INFO - DAG(s) 'yandex_task_dag' retrieved from /opt/airflow/dags/dag.py
[2024-11-03T18:53:51.358+0000] {logging_mixin.py:190} INFO - [2024-11-03T18:53:51.358+0000] {dag.py:3239} INFO - Sync 1 DAGs
[2024-11-03T18:53:51.374+0000] {logging_mixin.py:190} INFO - [2024-11-03T18:53:51.374+0000] {dag.py:4180} INFO - Setting next_dagrun for yandex_task_dag to None, run_after=None
[2024-11-03T18:53:51.395+0000] {processor.py:208} INFO - Processing /opt/airflow/dags/dag.py took 0.091 seconds
[2024-11-03T18:54:22.289+0000] {processor.py:186} INFO - Started process (PID=4333) to work on /opt/airflow/dags/dag.py
[2024-11-03T18:54:22.290+0000] {processor.py:914} INFO - Processing file /opt/airflow/dags/dag.py for tasks to queue
[2024-11-03T18:54:22.292+0000] {logging_mixin.py:190} INFO - [2024-11-03T18:54:22.291+0000] {dagbag.py:588} INFO - Filling up the DagBag from /opt/airflow/dags/dag.py
[2024-11-03T18:54:22.314+0000] {processor.py:925} INFO - DAG(s) 'yandex_task_dag' retrieved from /opt/airflow/dags/dag.py
[2024-11-03T18:54:22.341+0000] {logging_mixin.py:190} INFO - [2024-11-03T18:54:22.341+0000] {dag.py:3239} INFO - Sync 1 DAGs
[2024-11-03T18:54:22.362+0000] {logging_mixin.py:190} INFO - [2024-11-03T18:54:22.362+0000] {dag.py:4180} INFO - Setting next_dagrun for yandex_task_dag to None, run_after=None
[2024-11-03T18:54:22.385+0000] {processor.py:208} INFO - Processing /opt/airflow/dags/dag.py took 0.105 seconds
[2024-11-03T18:54:53.354+0000] {processor.py:186} INFO - Started process (PID=4396) to work on /opt/airflow/dags/dag.py
[2024-11-03T18:54:53.355+0000] {processor.py:914} INFO - Processing file /opt/airflow/dags/dag.py for tasks to queue
[2024-11-03T18:54:53.358+0000] {logging_mixin.py:190} INFO - [2024-11-03T18:54:53.357+0000] {dagbag.py:588} INFO - Filling up the DagBag from /opt/airflow/dags/dag.py
[2024-11-03T18:54:53.377+0000] {processor.py:925} INFO - DAG(s) 'yandex_task_dag' retrieved from /opt/airflow/dags/dag.py
[2024-11-03T18:54:53.401+0000] {logging_mixin.py:190} INFO - [2024-11-03T18:54:53.400+0000] {dag.py:3239} INFO - Sync 1 DAGs
[2024-11-03T18:54:53.421+0000] {logging_mixin.py:190} INFO - [2024-11-03T18:54:53.421+0000] {dag.py:4180} INFO - Setting next_dagrun for yandex_task_dag to None, run_after=None
[2024-11-03T18:54:53.442+0000] {processor.py:208} INFO - Processing /opt/airflow/dags/dag.py took 0.099 seconds
[2024-11-03T18:55:24.309+0000] {processor.py:186} INFO - Started process (PID=4459) to work on /opt/airflow/dags/dag.py
[2024-11-03T18:55:24.310+0000] {processor.py:914} INFO - Processing file /opt/airflow/dags/dag.py for tasks to queue
[2024-11-03T18:55:24.312+0000] {logging_mixin.py:190} INFO - [2024-11-03T18:55:24.311+0000] {dagbag.py:588} INFO - Filling up the DagBag from /opt/airflow/dags/dag.py
[2024-11-03T18:55:24.337+0000] {processor.py:925} INFO - DAG(s) 'yandex_task_dag' retrieved from /opt/airflow/dags/dag.py
[2024-11-03T18:55:24.359+0000] {logging_mixin.py:190} INFO - [2024-11-03T18:55:24.359+0000] {dag.py:3239} INFO - Sync 1 DAGs
[2024-11-03T18:55:24.376+0000] {logging_mixin.py:190} INFO - [2024-11-03T18:55:24.376+0000] {dag.py:4180} INFO - Setting next_dagrun for yandex_task_dag to None, run_after=None
[2024-11-03T18:55:24.395+0000] {processor.py:208} INFO - Processing /opt/airflow/dags/dag.py took 0.094 seconds
[2024-11-03T18:55:55.004+0000] {processor.py:186} INFO - Started process (PID=4522) to work on /opt/airflow/dags/dag.py
[2024-11-03T18:55:55.005+0000] {processor.py:914} INFO - Processing file /opt/airflow/dags/dag.py for tasks to queue
[2024-11-03T18:55:55.007+0000] {logging_mixin.py:190} INFO - [2024-11-03T18:55:55.007+0000] {dagbag.py:588} INFO - Filling up the DagBag from /opt/airflow/dags/dag.py
[2024-11-03T18:55:55.025+0000] {processor.py:925} INFO - DAG(s) 'yandex_task_dag' retrieved from /opt/airflow/dags/dag.py
[2024-11-03T18:55:55.044+0000] {logging_mixin.py:190} INFO - [2024-11-03T18:55:55.044+0000] {dag.py:3239} INFO - Sync 1 DAGs
[2024-11-03T18:55:55.060+0000] {logging_mixin.py:190} INFO - [2024-11-03T18:55:55.060+0000] {dag.py:4180} INFO - Setting next_dagrun for yandex_task_dag to None, run_after=None
[2024-11-03T18:55:55.080+0000] {processor.py:208} INFO - Processing /opt/airflow/dags/dag.py took 0.084 seconds
[2024-11-03T18:56:25.212+0000] {processor.py:186} INFO - Started process (PID=4585) to work on /opt/airflow/dags/dag.py
[2024-11-03T18:56:25.214+0000] {processor.py:914} INFO - Processing file /opt/airflow/dags/dag.py for tasks to queue
[2024-11-03T18:56:25.216+0000] {logging_mixin.py:190} INFO - [2024-11-03T18:56:25.216+0000] {dagbag.py:588} INFO - Filling up the DagBag from /opt/airflow/dags/dag.py
[2024-11-03T18:56:25.235+0000] {processor.py:925} INFO - DAG(s) 'yandex_task_dag' retrieved from /opt/airflow/dags/dag.py
[2024-11-03T18:56:25.255+0000] {logging_mixin.py:190} INFO - [2024-11-03T18:56:25.255+0000] {dag.py:3239} INFO - Sync 1 DAGs
[2024-11-03T18:56:25.270+0000] {logging_mixin.py:190} INFO - [2024-11-03T18:56:25.270+0000] {dag.py:4180} INFO - Setting next_dagrun for yandex_task_dag to None, run_after=None
[2024-11-03T18:56:25.292+0000] {processor.py:208} INFO - Processing /opt/airflow/dags/dag.py took 0.089 seconds
[2024-11-03T18:56:55.448+0000] {processor.py:186} INFO - Started process (PID=4648) to work on /opt/airflow/dags/dag.py
[2024-11-03T18:56:55.449+0000] {processor.py:914} INFO - Processing file /opt/airflow/dags/dag.py for tasks to queue
[2024-11-03T18:56:55.450+0000] {logging_mixin.py:190} INFO - [2024-11-03T18:56:55.450+0000] {dagbag.py:588} INFO - Filling up the DagBag from /opt/airflow/dags/dag.py
[2024-11-03T18:56:55.468+0000] {processor.py:925} INFO - DAG(s) 'yandex_task_dag' retrieved from /opt/airflow/dags/dag.py
[2024-11-03T18:56:55.488+0000] {logging_mixin.py:190} INFO - [2024-11-03T18:56:55.487+0000] {dag.py:3239} INFO - Sync 1 DAGs
[2024-11-03T18:56:55.503+0000] {logging_mixin.py:190} INFO - [2024-11-03T18:56:55.503+0000] {dag.py:4180} INFO - Setting next_dagrun for yandex_task_dag to None, run_after=None
[2024-11-03T18:56:55.523+0000] {processor.py:208} INFO - Processing /opt/airflow/dags/dag.py took 0.083 seconds
