[2024-11-04T16:20:47.284+0000] {local_task_job_runner.py:123} INFO - ::group::Pre task execution logs
[2024-11-04T16:20:47.313+0000] {taskinstance.py:2612} INFO - Dependencies all met for dep_context=non-requeueable deps ti=<TaskInstance: yandex_task_dag.table_creation manual__2024-11-04T16:20:37.059441+00:00 [queued]>
[2024-11-04T16:20:47.325+0000] {taskinstance.py:2612} INFO - Dependencies all met for dep_context=requeueable deps ti=<TaskInstance: yandex_task_dag.table_creation manual__2024-11-04T16:20:37.059441+00:00 [queued]>
[2024-11-04T16:20:47.325+0000] {taskinstance.py:2865} INFO - Starting attempt 1 of 1
[2024-11-04T16:20:47.344+0000] {taskinstance.py:2888} INFO - Executing <Task(PostgresOperator): table_creation> on 2024-11-04 16:20:37.059441+00:00
[2024-11-04T16:20:47.354+0000] {warnings.py:112} WARNING - /home/***/.local/lib/python3.12/site-packages/***/task/task_runner/standard_task_runner.py:70: DeprecationWarning: This process (pid=315) is multi-threaded, use of fork() may lead to deadlocks in the child.
  pid = os.fork()

[2024-11-04T16:20:47.357+0000] {standard_task_runner.py:72} INFO - Started process 317 to run task
[2024-11-04T16:20:47.357+0000] {standard_task_runner.py:104} INFO - Running: ['***', 'tasks', 'run', 'yandex_task_dag', 'table_creation', 'manual__2024-11-04T16:20:37.059441+00:00', '--job-id', '39', '--raw', '--subdir', 'DAGS_FOLDER/dag.py', '--cfg-path', '/tmp/tmp5ioeiuhp']
[2024-11-04T16:20:47.359+0000] {standard_task_runner.py:105} INFO - Job 39: Subtask table_creation
[2024-11-04T16:20:47.451+0000] {task_command.py:467} INFO - Running <TaskInstance: yandex_task_dag.table_creation manual__2024-11-04T16:20:37.059441+00:00 [running]> on host d759fd8a501c
[2024-11-04T16:20:47.600+0000] {taskinstance.py:3131} INFO - Exporting env vars: AIRFLOW_CTX_DAG_OWNER='***' AIRFLOW_CTX_DAG_ID='yandex_task_dag' AIRFLOW_CTX_TASK_ID='table_creation' AIRFLOW_CTX_EXECUTION_DATE='2024-11-04T16:20:37.059441+00:00' AIRFLOW_CTX_TRY_NUMBER='1' AIRFLOW_CTX_DAG_RUN_ID='manual__2024-11-04T16:20:37.059441+00:00'
[2024-11-04T16:20:47.606+0000] {logging_mixin.py:190} INFO - Task instance is in running state
[2024-11-04T16:20:47.608+0000] {logging_mixin.py:190} INFO -  Previous state of the Task instance: queued
[2024-11-04T16:20:47.609+0000] {logging_mixin.py:190} INFO - Current task name:table_creation state:running start_date:2024-11-04 16:20:47.314025+00:00
[2024-11-04T16:20:47.609+0000] {logging_mixin.py:190} INFO - Dag name:yandex_task_dag and current dag run status:running
[2024-11-04T16:20:47.610+0000] {taskinstance.py:731} INFO - ::endgroup::
[2024-11-04T16:20:47.611+0000] {sql.py:266} INFO - Executing: CREATE TABLE IF NOT EXISTS transactions (
    user_id INT,
    price INT
);
TRUNCATE transactions;

CREATE TABLE IF NOT EXISTS users (
   user_id INT PRIMARY KEY,
   email VARCHAR,
   date_registration TIMESTAMP
);

TRUNCATE users;

CREATE TABLE IF NOT EXISTS webinar (
    email VARCHAR
);
TRUNCATE webinar;
[2024-11-04T16:20:47.631+0000] {base.py:84} INFO - Retrieving connection 'postgres'
[2024-11-04T16:20:47.656+0000] {base.py:84} INFO - Retrieving connection 'postgres'
[2024-11-04T16:20:47.715+0000] {sql.py:509} INFO - Running statement: CREATE TABLE IF NOT EXISTS transactions (
    user_id INT,
    price INT
);
TRUNCATE transactions;

CREATE TABLE IF NOT EXISTS users (
   user_id INT PRIMARY KEY,
   email VARCHAR,
   date_registration TIMESTAMP
);

TRUNCATE users;

CREATE TABLE IF NOT EXISTS webinar (
    email VARCHAR
);
TRUNCATE webinar;, parameters: None
[2024-11-04T16:20:47.788+0000] {taskinstance.py:340} INFO - ::group::Post task execution logs
[2024-11-04T16:20:47.794+0000] {taskinstance.py:352} INFO - Marking task as SUCCESS. dag_id=yandex_task_dag, task_id=table_creation, run_id=manual__2024-11-04T16:20:37.059441+00:00, execution_date=20241104T162037, start_date=20241104T162047, end_date=20241104T162047
[2024-11-04T16:20:47.823+0000] {logging_mixin.py:190} INFO - Task instance in success state
[2024-11-04T16:20:47.824+0000] {logging_mixin.py:190} INFO -  Previous state of the Task instance: running
[2024-11-04T16:20:47.825+0000] {logging_mixin.py:190} INFO - Dag name:yandex_task_dag queued_at:2024-11-04 16:20:37.092554+00:00
[2024-11-04T16:20:47.826+0000] {logging_mixin.py:190} INFO - Task hostname:d759fd8a501c operator:PostgresOperator
[2024-11-04T16:20:47.856+0000] {local_task_job_runner.py:266} INFO - Task exited with return code 0
[2024-11-04T16:20:47.877+0000] {warnings.py:112} WARNING - /home/***/.local/lib/python3.12/site-packages/***/models/baseoperator.py:1378: AirflowProviderDeprecationWarning: Call to deprecated class PostgresOperator. (Please use `***.providers.common.sql.operators.sql.SQLExecuteQueryOperator`.Also, you can provide `hook_params={'schema': <database>}`.)
  result = cls.__new__(cls)

[2024-11-04T16:20:47.914+0000] {taskinstance.py:3900} INFO - 1 downstream tasks scheduled from follow-on schedule check
[2024-11-04T16:20:47.917+0000] {local_task_job_runner.py:245} INFO - ::endgroup::
