[2024-11-04T16:20:54.424+0000] {local_task_job_runner.py:123} INFO - ::group::Pre task execution logs
[2024-11-04T16:20:54.445+0000] {taskinstance.py:2612} INFO - Dependencies all met for dep_context=non-requeueable deps ti=<TaskInstance: yandex_task_dag.view_creation manual__2024-11-04T16:20:37.059441+00:00 [queued]>
[2024-11-04T16:20:54.460+0000] {taskinstance.py:2612} INFO - Dependencies all met for dep_context=requeueable deps ti=<TaskInstance: yandex_task_dag.view_creation manual__2024-11-04T16:20:37.059441+00:00 [queued]>
[2024-11-04T16:20:54.461+0000] {taskinstance.py:2865} INFO - Starting attempt 1 of 1
[2024-11-04T16:20:54.480+0000] {taskinstance.py:2888} INFO - Executing <Task(PostgresOperator): view_creation> on 2024-11-04 16:20:37.059441+00:00
[2024-11-04T16:20:54.489+0000] {warnings.py:112} WARNING - /home/***/.local/lib/python3.12/site-packages/***/task/task_runner/standard_task_runner.py:70: DeprecationWarning: This process (pid=323) is multi-threaded, use of fork() may lead to deadlocks in the child.
  pid = os.fork()

[2024-11-04T16:20:54.491+0000] {standard_task_runner.py:72} INFO - Started process 325 to run task
[2024-11-04T16:20:54.492+0000] {standard_task_runner.py:104} INFO - Running: ['***', 'tasks', 'run', 'yandex_task_dag', 'view_creation', 'manual__2024-11-04T16:20:37.059441+00:00', '--job-id', '41', '--raw', '--subdir', 'DAGS_FOLDER/dag.py', '--cfg-path', '/tmp/tmp67truayi']
[2024-11-04T16:20:54.493+0000] {standard_task_runner.py:105} INFO - Job 41: Subtask view_creation
[2024-11-04T16:20:54.558+0000] {task_command.py:467} INFO - Running <TaskInstance: yandex_task_dag.view_creation manual__2024-11-04T16:20:37.059441+00:00 [running]> on host d759fd8a501c
[2024-11-04T16:20:54.677+0000] {taskinstance.py:3131} INFO - Exporting env vars: AIRFLOW_CTX_DAG_OWNER='***' AIRFLOW_CTX_DAG_ID='yandex_task_dag' AIRFLOW_CTX_TASK_ID='view_creation' AIRFLOW_CTX_EXECUTION_DATE='2024-11-04T16:20:37.059441+00:00' AIRFLOW_CTX_TRY_NUMBER='1' AIRFLOW_CTX_DAG_RUN_ID='manual__2024-11-04T16:20:37.059441+00:00'
[2024-11-04T16:20:54.679+0000] {logging_mixin.py:190} INFO - Task instance is in running state
[2024-11-04T16:20:54.680+0000] {logging_mixin.py:190} INFO -  Previous state of the Task instance: queued
[2024-11-04T16:20:54.680+0000] {logging_mixin.py:190} INFO - Current task name:view_creation state:running start_date:2024-11-04 16:20:54.446474+00:00
[2024-11-04T16:20:54.681+0000] {logging_mixin.py:190} INFO - Dag name:yandex_task_dag and current dag run status:running
[2024-11-04T16:20:54.682+0000] {taskinstance.py:731} INFO - ::endgroup::
[2024-11-04T16:20:54.682+0000] {sql.py:266} INFO - Executing: DO $$
BEGIN
    IF EXISTS(SELECT FROM replenishments) THEN
        REFRESH MATERIALIZED VIEW replenishments;
    ELSE
        CREATE MATERIALIZED VIEW replenishments AS
        -- first_reg_users - users who have first registration after webinar
        WITH first_reg_users AS (
            SELECT * FROM (
                SELECT *, min(date_registration::DATE) OVER (PARTITION BY email) AS first_reg_date
                FROM users
            ) u
            WHERE first_reg_date > '2016-04-01'
        )
        SELECT w.email AS email, sum(price) AS price_sum
        FROM first_reg_users f 
        INNER JOIN webinar w ON f.email = w.email  -- intersecting with users from webinar
        INNER JOIN transactions t ON f.user_id = t.user_id  -- getting neccessary transactions
        GROUP BY w.email;  -- aggregate data for each participant
    END IF;
END
$$;
[2024-11-04T16:20:54.694+0000] {base.py:84} INFO - Retrieving connection 'postgres'
[2024-11-04T16:20:54.707+0000] {base.py:84} INFO - Retrieving connection 'postgres'
[2024-11-04T16:20:54.720+0000] {sql.py:509} INFO - Running statement: DO $$
BEGIN
    IF EXISTS(SELECT FROM replenishments) THEN
        REFRESH MATERIALIZED VIEW replenishments;
    ELSE
        CREATE MATERIALIZED VIEW replenishments AS
        -- first_reg_users - users who have first registration after webinar
        WITH first_reg_users AS (
            SELECT * FROM (
                SELECT *, min(date_registration::DATE) OVER (PARTITION BY email) AS first_reg_date
                FROM users
            ) u
            WHERE first_reg_date > '2016-04-01'
        )
        SELECT w.email AS email, sum(price) AS price_sum
        FROM first_reg_users f 
        INNER JOIN webinar w ON f.email = w.email  -- intersecting with users from webinar
        INNER JOIN transactions t ON f.user_id = t.user_id  -- getting neccessary transactions
        GROUP BY w.email;  -- aggregate data for each participant
    END IF;
END
$$;, parameters: None
[2024-11-04T16:20:54.801+0000] {taskinstance.py:340} INFO - ::group::Post task execution logs
[2024-11-04T16:20:54.802+0000] {taskinstance.py:352} INFO - Marking task as SUCCESS. dag_id=yandex_task_dag, task_id=view_creation, run_id=manual__2024-11-04T16:20:37.059441+00:00, execution_date=20241104T162037, start_date=20241104T162054, end_date=20241104T162054
[2024-11-04T16:20:54.817+0000] {logging_mixin.py:190} INFO - Task instance in success state
[2024-11-04T16:20:54.818+0000] {logging_mixin.py:190} INFO -  Previous state of the Task instance: running
[2024-11-04T16:20:54.818+0000] {logging_mixin.py:190} INFO - Dag name:yandex_task_dag queued_at:2024-11-04 16:20:37.092554+00:00
[2024-11-04T16:20:54.819+0000] {logging_mixin.py:190} INFO - Task hostname:d759fd8a501c operator:PostgresOperator
[2024-11-04T16:20:54.869+0000] {local_task_job_runner.py:266} INFO - Task exited with return code 0
[2024-11-04T16:20:54.883+0000] {warnings.py:112} WARNING - /home/***/.local/lib/python3.12/site-packages/***/models/baseoperator.py:1378: AirflowProviderDeprecationWarning: Call to deprecated class PostgresOperator. (Please use `***.providers.common.sql.operators.sql.SQLExecuteQueryOperator`.Also, you can provide `hook_params={'schema': <database>}`.)
  result = cls.__new__(cls)

[2024-11-04T16:20:54.909+0000] {taskinstance.py:3900} INFO - 1 downstream tasks scheduled from follow-on schedule check
[2024-11-04T16:20:54.911+0000] {local_task_job_runner.py:245} INFO - ::endgroup::
