[2024-11-04T16:20:50.788+0000] {local_task_job_runner.py:123} INFO - ::group::Pre task execution logs
[2024-11-04T16:20:50.809+0000] {taskinstance.py:2612} INFO - Dependencies all met for dep_context=non-requeueable deps ti=<TaskInstance: yandex_task_dag.data_loading manual__2024-11-04T16:20:37.059441+00:00 [queued]>
[2024-11-04T16:20:50.841+0000] {taskinstance.py:2612} INFO - Dependencies all met for dep_context=requeueable deps ti=<TaskInstance: yandex_task_dag.data_loading manual__2024-11-04T16:20:37.059441+00:00 [queued]>
[2024-11-04T16:20:50.842+0000] {taskinstance.py:2865} INFO - Starting attempt 1 of 1
[2024-11-04T16:20:50.878+0000] {taskinstance.py:2888} INFO - Executing <Task(PostgresOperator): data_loading> on 2024-11-04 16:20:37.059441+00:00
[2024-11-04T16:20:50.896+0000] {warnings.py:112} WARNING - /home/***/.local/lib/python3.12/site-packages/***/task/task_runner/standard_task_runner.py:70: DeprecationWarning: This process (pid=319) is multi-threaded, use of fork() may lead to deadlocks in the child.
  pid = os.fork()

[2024-11-04T16:20:50.898+0000] {standard_task_runner.py:72} INFO - Started process 321 to run task
[2024-11-04T16:20:50.898+0000] {standard_task_runner.py:104} INFO - Running: ['***', 'tasks', 'run', 'yandex_task_dag', 'data_loading', 'manual__2024-11-04T16:20:37.059441+00:00', '--job-id', '40', '--raw', '--subdir', 'DAGS_FOLDER/dag.py', '--cfg-path', '/tmp/tmpwy3kirt3']
[2024-11-04T16:20:50.900+0000] {standard_task_runner.py:105} INFO - Job 40: Subtask data_loading
[2024-11-04T16:20:50.968+0000] {task_command.py:467} INFO - Running <TaskInstance: yandex_task_dag.data_loading manual__2024-11-04T16:20:37.059441+00:00 [running]> on host d759fd8a501c
[2024-11-04T16:20:51.114+0000] {taskinstance.py:3131} INFO - Exporting env vars: AIRFLOW_CTX_DAG_OWNER='***' AIRFLOW_CTX_DAG_ID='yandex_task_dag' AIRFLOW_CTX_TASK_ID='data_loading' AIRFLOW_CTX_EXECUTION_DATE='2024-11-04T16:20:37.059441+00:00' AIRFLOW_CTX_TRY_NUMBER='1' AIRFLOW_CTX_DAG_RUN_ID='manual__2024-11-04T16:20:37.059441+00:00'
[2024-11-04T16:20:51.116+0000] {logging_mixin.py:190} INFO - Task instance is in running state
[2024-11-04T16:20:51.117+0000] {logging_mixin.py:190} INFO -  Previous state of the Task instance: queued
[2024-11-04T16:20:51.120+0000] {logging_mixin.py:190} INFO - Current task name:data_loading state:running start_date:2024-11-04 16:20:50.811141+00:00
[2024-11-04T16:20:51.121+0000] {logging_mixin.py:190} INFO - Dag name:yandex_task_dag and current dag run status:running
[2024-11-04T16:20:51.122+0000] {taskinstance.py:731} INFO - ::endgroup::
[2024-11-04T16:20:51.123+0000] {sql.py:266} INFO - Executing: COPY transactions FROM '/mnt/data_to_load/transactions.csv' DELIMITER ',' CSV HEADER;

COPY users FROM '/mnt/data_to_load/users.csv' DELIMITER ',' CSV HEADER;

COPY webinar FROM '/mnt/data_to_load/webinar.csv' DELIMITER ',' CSV HEADER;
[2024-11-04T16:20:51.137+0000] {base.py:84} INFO - Retrieving connection 'postgres'
[2024-11-04T16:20:51.149+0000] {base.py:84} INFO - Retrieving connection 'postgres'
[2024-11-04T16:20:51.164+0000] {sql.py:509} INFO - Running statement: COPY transactions FROM '/mnt/data_to_load/transactions.csv' DELIMITER ',' CSV HEADER;

COPY users FROM '/mnt/data_to_load/users.csv' DELIMITER ',' CSV HEADER;

COPY webinar FROM '/mnt/data_to_load/webinar.csv' DELIMITER ',' CSV HEADER;, parameters: None
[2024-11-04T16:20:51.179+0000] {sql.py:518} INFO - Rows affected: 10
[2024-11-04T16:20:51.197+0000] {taskinstance.py:340} INFO - ::group::Post task execution logs
[2024-11-04T16:20:51.198+0000] {taskinstance.py:352} INFO - Marking task as SUCCESS. dag_id=yandex_task_dag, task_id=data_loading, run_id=manual__2024-11-04T16:20:37.059441+00:00, execution_date=20241104T162037, start_date=20241104T162050, end_date=20241104T162051
[2024-11-04T16:20:51.214+0000] {logging_mixin.py:190} INFO - Task instance in success state
[2024-11-04T16:20:51.214+0000] {logging_mixin.py:190} INFO -  Previous state of the Task instance: running
[2024-11-04T16:20:51.215+0000] {logging_mixin.py:190} INFO - Dag name:yandex_task_dag queued_at:2024-11-04 16:20:37.092554+00:00
[2024-11-04T16:20:51.215+0000] {logging_mixin.py:190} INFO - Task hostname:d759fd8a501c operator:PostgresOperator
[2024-11-04T16:20:51.236+0000] {local_task_job_runner.py:266} INFO - Task exited with return code 0
[2024-11-04T16:20:51.247+0000] {warnings.py:112} WARNING - /home/***/.local/lib/python3.12/site-packages/***/models/baseoperator.py:1378: AirflowProviderDeprecationWarning: Call to deprecated class PostgresOperator. (Please use `***.providers.common.sql.operators.sql.SQLExecuteQueryOperator`.Also, you can provide `hook_params={'schema': <database>}`.)
  result = cls.__new__(cls)

[2024-11-04T16:20:51.277+0000] {taskinstance.py:3900} INFO - 1 downstream tasks scheduled from follow-on schedule check
[2024-11-04T16:20:51.280+0000] {local_task_job_runner.py:245} INFO - ::endgroup::
